{"/home/travis/build/npmtest/node-npmtest-bs-html-injector/test.js":{"path":"/home/travis/build/npmtest/node-npmtest-bs-html-injector/test.js","s":{"1":2,"2":2,"3":2,"4":2,"5":2,"6":2,"7":2,"8":1,"9":2,"10":2,"11":1,"12":1,"13":1,"14":1,"15":2,"16":2,"17":2,"18":2,"19":1,"20":1,"21":2,"22":2,"23":2,"24":1,"25":1,"26":1,"27":1,"28":1,"29":1,"30":1,"31":1,"32":1,"33":1,"34":1,"35":1,"36":1,"37":1,"38":1,"39":2,"40":2,"41":1,"42":2,"43":2,"44":1,"45":2,"46":2,"47":1,"48":2,"49":2,"50":1,"51":1,"52":1,"53":1,"54":1},"b":{"1":[2,1,1,1],"2":[1,1,1,1],"3":[1,1],"4":[1,1],"5":[1,1],"6":[1,1],"7":[1,1],"8":[1,1],"9":[1,1],"10":[1,1,1],"11":[1,1],"12":[1,1],"13":[1,1],"14":[1,1],"15":[1,1],"16":[1,1],"17":[1,1]},"f":{"1":2,"2":2,"3":2,"4":2,"5":2,"6":1,"7":1,"8":1,"9":2,"10":2,"11":2,"12":2,"13":1},"fnMap":{"1":{"name":"(anonymous_1)","line":12,"loc":{"start":{"line":12,"column":1},"end":{"line":12,"column":13}}},"2":{"name":"(anonymous_2)","line":19,"loc":{"start":{"line":19,"column":5},"end":{"line":19,"column":17}}},"3":{"name":"(anonymous_3)","line":23,"loc":{"start":{"line":23,"column":24},"end":{"line":23,"column":36}}},"4":{"name":"(anonymous_4)","line":61,"loc":{"start":{"line":61,"column":5},"end":{"line":61,"column":17}}},"5":{"name":"(anonymous_5)","line":82,"loc":{"start":{"line":82,"column":5},"end":{"line":82,"column":17}}},"6":{"name":"(anonymous_6)","line":91,"loc":{"start":{"line":91,"column":77},"end":{"line":94,"column":10}}},"7":{"name":"(anonymous_7)","line":112,"loc":{"start":{"line":112,"column":83},"end":{"line":115,"column":10}},"skip":true},"8":{"name":"(anonymous_8)","line":123,"loc":{"start":{"line":123,"column":77},"end":{"line":126,"column":10}},"skip":true},"9":{"name":"(anonymous_9)","line":139,"loc":{"start":{"line":139,"column":12},"end":{"line":139,"column":40}},"skip":true},"10":{"name":"(anonymous_10)","line":147,"loc":{"start":{"line":147,"column":77},"end":{"line":150,"column":10}},"skip":true},"11":{"name":"(anonymous_11)","line":158,"loc":{"start":{"line":158,"column":83},"end":{"line":161,"column":10}},"skip":true},"12":{"name":"(anonymous_12)","line":169,"loc":{"start":{"line":169,"column":79},"end":{"line":172,"column":10}},"skip":true},"13":{"name":"(anonymous_13)","line":180,"loc":{"start":{"line":180,"column":75},"end":{"line":183,"column":10}},"skip":true}},"statementMap":{"1":{"start":{"line":12,"column":0},"end":{"line":195,"column":5}},"2":{"start":{"line":14,"column":4},"end":{"line":14,"column":14}},"3":{"start":{"line":19,"column":4},"end":{"line":56,"column":9}},"4":{"start":{"line":21,"column":8},"end":{"line":21,"column":19}},"5":{"start":{"line":23,"column":8},"end":{"line":35,"column":13}},"6":{"start":{"line":24,"column":12},"end":{"line":34,"column":13}},"7":{"start":{"line":25,"column":16},"end":{"line":28,"column":30}},"8":{"start":{"line":30,"column":16},"end":{"line":33,"column":27}},"9":{"start":{"line":37,"column":8},"end":{"line":39,"column":21}},"10":{"start":{"line":40,"column":8},"end":{"line":53,"column":9}},"11":{"start":{"line":43,"column":12},"end":{"line":46,"column":14}},"12":{"start":{"line":47,"column":12},"end":{"line":47,"column":18}},"13":{"start":{"line":50,"column":12},"end":{"line":51,"column":46}},"14":{"start":{"line":52,"column":12},"end":{"line":52,"column":18}},"15":{"start":{"line":55,"column":8},"end":{"line":55,"column":35}},"16":{"start":{"line":61,"column":4},"end":{"line":63,"column":9}},"17":{"start":{"line":62,"column":8},"end":{"line":62,"column":15}},"18":{"start":{"line":64,"column":4},"end":{"line":77,"column":5}},"19":{"start":{"line":70,"column":8},"end":{"line":70,"column":14}},"20":{"start":{"line":76,"column":8},"end":{"line":76,"column":14}},"21":{"start":{"line":82,"column":4},"end":{"line":84,"column":9}},"22":{"start":{"line":83,"column":8},"end":{"line":83,"column":15}},"23":{"start":{"line":85,"column":4},"end":{"line":194,"column":5}},"24":{"start":{"line":91,"column":8},"end":{"line":99,"column":10}},"25":{"start":{"line":98,"column":12},"end":{"line":98,"column":35}},"26":{"start":{"line":102,"column":8},"end":{"line":104,"column":63}},"27":{"start":{"line":105,"column":8},"end":{"line":105,"column":14}},"28":{"start":{"line":112,"column":8},"end":{"line":121,"column":10},"skip":true},"29":{"start":{"line":119,"column":12},"end":{"line":119,"column":55},"skip":true},"30":{"start":{"line":120,"column":12},"end":{"line":120,"column":48},"skip":true},"31":{"start":{"line":123,"column":8},"end":{"line":136,"column":10},"skip":true},"32":{"start":{"line":130,"column":12},"end":{"line":130,"column":76},"skip":true},"33":{"start":{"line":131,"column":12},"end":{"line":131,"column":73},"skip":true},"34":{"start":{"line":132,"column":12},"end":{"line":132,"column":74},"skip":true},"35":{"start":{"line":133,"column":12},"end":{"line":133,"column":79},"skip":true},"36":{"start":{"line":134,"column":12},"end":{"line":134,"column":25},"skip":true},"37":{"start":{"line":135,"column":12},"end":{"line":135,"column":45},"skip":true},"38":{"start":{"line":138,"column":8},"end":{"line":145,"column":14},"skip":true},"39":{"start":{"line":143,"column":16},"end":{"line":143,"column":29},"skip":true},"40":{"start":{"line":144,"column":16},"end":{"line":144,"column":55},"skip":true},"41":{"start":{"line":147,"column":8},"end":{"line":156,"column":10},"skip":true},"42":{"start":{"line":154,"column":12},"end":{"line":154,"column":25},"skip":true},"43":{"start":{"line":155,"column":12},"end":{"line":155,"column":45},"skip":true},"44":{"start":{"line":158,"column":8},"end":{"line":167,"column":10},"skip":true},"45":{"start":{"line":165,"column":12},"end":{"line":165,"column":25},"skip":true},"46":{"start":{"line":166,"column":12},"end":{"line":166,"column":48},"skip":true},"47":{"start":{"line":169,"column":8},"end":{"line":178,"column":10},"skip":true},"48":{"start":{"line":176,"column":12},"end":{"line":176,"column":25},"skip":true},"49":{"start":{"line":177,"column":12},"end":{"line":177,"column":46},"skip":true},"50":{"start":{"line":180,"column":8},"end":{"line":189,"column":10},"skip":true},"51":{"start":{"line":187,"column":12},"end":{"line":187,"column":94},"skip":true},"52":{"start":{"line":188,"column":12},"end":{"line":188,"column":48},"skip":true},"53":{"start":{"line":192,"column":8},"end":{"line":192,"column":35},"skip":true},"54":{"start":{"line":193,"column":8},"end":{"line":193,"column":14},"skip":true}},"branchMap":{"1":{"line":25,"type":"binary-expr","locations":[{"start":{"line":25,"column":23},"end":{"line":25,"column":62}},{"start":{"line":26,"column":20},"end":{"line":26,"column":70}},{"start":{"line":27,"column":20},"end":{"line":27,"column":71}},{"start":{"line":28,"column":20},"end":{"line":28,"column":29}}]},"2":{"line":30,"type":"binary-expr","locations":[{"start":{"line":30,"column":23},"end":{"line":30,"column":37}},{"start":{"line":31,"column":20},"end":{"line":31,"column":61}},{"start":{"line":32,"column":20},"end":{"line":32,"column":70}},{"start":{"line":33,"column":20},"end":{"line":33,"column":26}}]},"3":{"line":37,"type":"cond-expr","locations":[{"start":{"line":38,"column":14},"end":{"line":38,"column":20}},{"start":{"line":39,"column":14},"end":{"line":39,"column":20}}]},"4":{"line":40,"type":"switch","locations":[{"start":{"line":42,"column":8},"end":{"line":47,"column":18}},{"start":{"line":49,"column":8},"end":{"line":52,"column":18}}]},"5":{"line":44,"type":"binary-expr","locations":[{"start":{"line":44,"column":16},"end":{"line":44,"column":44}},{"start":{"line":44,"column":48},"end":{"line":44,"column":66}}]},"6":{"line":50,"type":"binary-expr","locations":[{"start":{"line":50,"column":21},"end":{"line":50,"column":49}},{"start":{"line":50,"column":53},"end":{"line":50,"column":72}}]},"7":{"line":64,"type":"switch","locations":[{"start":{"line":69,"column":4},"end":{"line":70,"column":14}},{"start":{"line":75,"column":4},"end":{"line":76,"column":14}}]},"8":{"line":85,"type":"switch","locations":[{"start":{"line":90,"column":4},"end":{"line":105,"column":14}},{"start":{"line":111,"column":4},"end":{"line":193,"column":14},"skip":true}]},"9":{"line":91,"type":"binary-expr","locations":[{"start":{"line":91,"column":42},"end":{"line":91,"column":73}},{"start":{"line":91,"column":77},"end":{"line":99,"column":9}}]},"10":{"line":102,"type":"binary-expr","locations":[{"start":{"line":102,"column":18},"end":{"line":102,"column":32}},{"start":{"line":103,"column":12},"end":{"line":103,"column":53}},{"start":{"line":104,"column":12},"end":{"line":104,"column":61}}]},"11":{"line":112,"type":"binary-expr","locations":[{"start":{"line":112,"column":45},"end":{"line":112,"column":79},"skip":true},{"start":{"line":112,"column":83},"end":{"line":121,"column":9},"skip":true}]},"12":{"line":123,"type":"binary-expr","locations":[{"start":{"line":123,"column":42},"end":{"line":123,"column":73},"skip":true},{"start":{"line":123,"column":77},"end":{"line":136,"column":9},"skip":true}]},"13":{"line":138,"type":"binary-expr","locations":[{"start":{"line":138,"column":48},"end":{"line":138,"column":85},"skip":true},{"start":{"line":139,"column":12},"end":{"line":145,"column":13},"skip":true}]},"14":{"line":147,"type":"binary-expr","locations":[{"start":{"line":147,"column":42},"end":{"line":147,"column":73},"skip":true},{"start":{"line":147,"column":77},"end":{"line":156,"column":9},"skip":true}]},"15":{"line":158,"type":"binary-expr","locations":[{"start":{"line":158,"column":45},"end":{"line":158,"column":79},"skip":true},{"start":{"line":158,"column":83},"end":{"line":167,"column":9},"skip":true}]},"16":{"line":169,"type":"binary-expr","locations":[{"start":{"line":169,"column":43},"end":{"line":169,"column":75},"skip":true},{"start":{"line":169,"column":79},"end":{"line":178,"column":9},"skip":true}]},"17":{"line":180,"type":"binary-expr","locations":[{"start":{"line":180,"column":41},"end":{"line":180,"column":71},"skip":true},{"start":{"line":180,"column":75},"end":{"line":189,"column":9},"skip":true}]}},"code":["/* istanbul instrument in package npmtest_bs_html_injector */","/*jslint","    bitwise: true,","    browser: true,","    maxerr: 8,","    maxlen: 96,","    node: true,","    nomen: true,","    regexp: true,","    stupid: true","*/","(function () {","    'use strict';","    var local;","","","","    // run shared js-env code - pre-init","    (function () {","        // init local","        local = {};","        // init modeJs","        local.modeJs = (function () {","            try {","                return typeof navigator.userAgent === 'string' &&","                    typeof document.querySelector('body') === 'object' &&","                    typeof XMLHttpRequest.prototype.open === 'function' &&","                    'browser';","            } catch (errorCaughtBrowser) {","                return module.exports &&","                    typeof process.versions.node === 'string' &&","                    typeof require('http').createServer === 'function' &&","                    'node';","            }","        }());","        // init global","        local.global = local.modeJs === 'browser'","            ? window","            : global;","        switch (local.modeJs) {","        // re-init local from window.local","        case 'browser':","            local = local.global.utility2.objectSetDefault(","                local.global.utility2_rollup || local.global.local,","                local.global.utility2","            );","            break;","        // re-init local from example.js","        case 'node':","            local = (local.global.utility2_rollup || require('utility2'))","                .requireExampleJsFromReadme();","            break;","        }","        // export local","        local.global.local = local;","    }());","","","","    // run shared js-env code - function","    (function () {","        return;","    }());","    switch (local.modeJs) {","","","","    // run browser js-env code - function","    case 'browser':","        break;","","","","    // run node js-env code - function","    case 'node':","        break;","    }","","","","    // run shared js-env code - post-init","    (function () {","        return;","    }());","    switch (local.modeJs) {","","","","    // run browser js-env code - post-init","    case 'browser':","        local.testCase_browser_nullCase = local.testCase_browser_nullCase || function (","            options,","            onError","        ) {","        /*","         * this function will test browsers's null-case handling-behavior-behavior","         */","            onError(null, options);","        };","","        // run tests","        local.nop(local.modeTest &&","            document.querySelector('#testRunButton1') &&","            document.querySelector('#testRunButton1').click());","        break;","","","","    // run node js-env code - post-init","    /* istanbul ignore next */","    case 'node':","        local.testCase_buildApidoc_default = local.testCase_buildApidoc_default || function (","            options,","            onError","        ) {","        /*","         * this function will test buildApidoc's default handling-behavior-behavior","         */","            options = { modulePathList: module.paths };","            local.buildApidoc(options, onError);","        };","","        local.testCase_buildApp_default = local.testCase_buildApp_default || function (","            options,","            onError","        ) {","        /*","         * this function will test buildApp's default handling-behavior-behavior","         */","            local.testCase_buildReadme_default(options, local.onErrorThrow);","            local.testCase_buildLib_default(options, local.onErrorThrow);","            local.testCase_buildTest_default(options, local.onErrorThrow);","            local.testCase_buildCustomOrg_default(options, local.onErrorThrow);","            options = [];","            local.buildApp(options, onError);","        };","","        local.testCase_buildCustomOrg_default = local.testCase_buildCustomOrg_default ||","            function (options, onError) {","            /*","             * this function will test buildCustomOrg's default handling-behavior","             */","                options = {};","                local.buildCustomOrg(options, onError);","            };","","        local.testCase_buildLib_default = local.testCase_buildLib_default || function (","            options,","            onError","        ) {","        /*","         * this function will test buildLib's default handling-behavior","         */","            options = {};","            local.buildLib(options, onError);","        };","","        local.testCase_buildReadme_default = local.testCase_buildReadme_default || function (","            options,","            onError","        ) {","        /*","         * this function will test buildReadme's default handling-behavior-behavior","         */","            options = {};","            local.buildReadme(options, onError);","        };","","        local.testCase_buildTest_default = local.testCase_buildTest_default || function (","            options,","            onError","        ) {","        /*","         * this function will test buildTest's default handling-behavior","         */","            options = {};","            local.buildTest(options, onError);","        };","","        local.testCase_webpage_default = local.testCase_webpage_default || function (","            options,","            onError","        ) {","        /*","         * this function will test webpage's default handling-behavior","         */","            options = { modeCoverageMerge: true, url: local.serverLocalHost + '?modeTest=1' };","            local.browserTest(options, onError);","        };","","        // run test-server","        local.testRunServer(local);","        break;","    }","}());",""],"l":{"12":2,"14":2,"19":2,"21":2,"23":2,"24":2,"25":2,"30":1,"37":2,"40":2,"43":1,"47":1,"50":1,"52":1,"55":2,"61":2,"62":2,"64":2,"70":1,"76":1,"82":2,"83":2,"85":2,"91":1,"98":1,"102":1,"105":1,"112":1,"119":1,"120":1,"123":1,"130":1,"131":1,"132":1,"133":1,"134":1,"135":1,"138":1,"143":2,"144":2,"147":1,"154":2,"155":2,"158":1,"165":2,"166":2,"169":1,"176":2,"177":2,"180":1,"187":1,"188":1,"192":1,"193":1}},"/home/travis/build/npmtest/node-npmtest-bs-html-injector/lib.npmtest_bs_html_injector.js":{"path":"/home/travis/build/npmtest/node-npmtest-bs-html-injector/lib.npmtest_bs_html_injector.js","s":{"1":2,"2":2,"3":2,"4":2,"5":2,"6":2,"7":2,"8":1,"9":2,"10":2,"11":2,"12":2,"13":1,"14":1,"15":1,"16":1},"b":{"1":[2,1,1,1],"2":[1,1,1,1],"3":[1,1],"4":[2,2],"5":[1,1]},"f":{"1":2,"2":2,"3":2},"fnMap":{"1":{"name":"(anonymous_1)","line":12,"loc":{"start":{"line":12,"column":1},"end":{"line":12,"column":13}}},"2":{"name":"(anonymous_2)","line":19,"loc":{"start":{"line":19,"column":5},"end":{"line":19,"column":17}}},"3":{"name":"(anonymous_3)","line":23,"loc":{"start":{"line":23,"column":24},"end":{"line":23,"column":36}}}},"statementMap":{"1":{"start":{"line":12,"column":0},"end":{"line":53,"column":5}},"2":{"start":{"line":14,"column":4},"end":{"line":14,"column":14}},"3":{"start":{"line":19,"column":4},"end":{"line":52,"column":9}},"4":{"start":{"line":21,"column":8},"end":{"line":21,"column":19}},"5":{"start":{"line":23,"column":8},"end":{"line":35,"column":13}},"6":{"start":{"line":24,"column":12},"end":{"line":34,"column":13}},"7":{"start":{"line":25,"column":16},"end":{"line":28,"column":30}},"8":{"start":{"line":30,"column":16},"end":{"line":33,"column":27}},"9":{"start":{"line":37,"column":8},"end":{"line":39,"column":21}},"10":{"start":{"line":41,"column":8},"end":{"line":41,"column":54}},"11":{"start":{"line":43,"column":8},"end":{"line":43,"column":61}},"12":{"start":{"line":45,"column":8},"end":{"line":51,"column":9}},"13":{"start":{"line":46,"column":12},"end":{"line":46,"column":67}},"14":{"start":{"line":48,"column":12},"end":{"line":48,"column":35}},"15":{"start":{"line":49,"column":12},"end":{"line":49,"column":49}},"16":{"start":{"line":50,"column":12},"end":{"line":50,"column":43}}},"branchMap":{"1":{"line":25,"type":"binary-expr","locations":[{"start":{"line":25,"column":23},"end":{"line":25,"column":62}},{"start":{"line":26,"column":20},"end":{"line":26,"column":70}},{"start":{"line":27,"column":20},"end":{"line":27,"column":71}},{"start":{"line":28,"column":20},"end":{"line":28,"column":29}}]},"2":{"line":30,"type":"binary-expr","locations":[{"start":{"line":30,"column":23},"end":{"line":30,"column":37}},{"start":{"line":31,"column":20},"end":{"line":31,"column":61}},{"start":{"line":32,"column":20},"end":{"line":32,"column":70}},{"start":{"line":33,"column":20},"end":{"line":33,"column":26}}]},"3":{"line":37,"type":"cond-expr","locations":[{"start":{"line":38,"column":14},"end":{"line":38,"column":20}},{"start":{"line":39,"column":14},"end":{"line":39,"column":20}}]},"4":{"line":41,"type":"binary-expr","locations":[{"start":{"line":41,"column":16},"end":{"line":41,"column":44}},{"start":{"line":41,"column":48},"end":{"line":41,"column":53}}]},"5":{"line":45,"type":"if","locations":[{"start":{"line":45,"column":8},"end":{"line":45,"column":8}},{"start":{"line":45,"column":8},"end":{"line":45,"column":8}}]}},"code":["/* istanbul instrument in package npmtest_bs_html_injector */","/*jslint","    bitwise: true,","    browser: true,","    maxerr: 8,","    maxlen: 96,","    node: true,","    nomen: true,","    regexp: true,","    stupid: true","*/","(function () {","    'use strict';","    var local;","","","","    // run shared js-env code - pre-init","    (function () {","        // init local","        local = {};","        // init modeJs","        local.modeJs = (function () {","            try {","                return typeof navigator.userAgent === 'string' &&","                    typeof document.querySelector('body') === 'object' &&","                    typeof XMLHttpRequest.prototype.open === 'function' &&","                    'browser';","            } catch (errorCaughtBrowser) {","                return module.exports &&","                    typeof process.versions.node === 'string' &&","                    typeof require('http').createServer === 'function' &&","                    'node';","            }","        }());","        // init global","        local.global = local.modeJs === 'browser'","            ? window","            : global;","        // init utility2_rollup","        local = local.global.utility2_rollup || local;","        // init lib","        local.local = local.npmtest_bs_html_injector = local;","        // init exports","        if (local.modeJs === 'browser') {","            local.global.utility2_npmtest_bs_html_injector = local;","        } else {","            module.exports = local;","            module.exports.__dirname = __dirname;","            module.exports.module = module;","        }","    }());","}());",""],"l":{"12":2,"14":2,"19":2,"21":2,"23":2,"24":2,"25":2,"30":1,"37":2,"41":2,"43":2,"45":2,"46":1,"48":1,"49":1,"50":1}},"/home/travis/build/npmtest/node-npmtest-bs-html-injector/example.js":{"path":"/home/travis/build/npmtest/node-npmtest-bs-html-injector/example.js","s":{"1":2,"2":2,"3":2,"4":2,"5":2,"6":2,"7":2,"8":1,"9":2,"10":2,"11":2,"12":2,"13":1,"14":2,"15":2,"16":2,"17":2,"18":2,"19":0,"20":2,"21":1,"22":1,"23":1,"24":1,"25":1,"26":0,"27":0,"28":1,"29":1,"30":2,"31":0,"32":0,"33":0,"34":1,"35":2,"36":2,"37":3,"38":3,"39":3,"40":3,"41":0,"42":3,"43":3,"44":3,"45":1,"46":3,"47":1,"48":1,"49":1,"50":1,"51":1,"52":1,"53":1,"54":1,"55":1,"56":1,"57":0,"58":1,"59":6,"60":6,"61":1,"62":2,"63":0,"64":2,"65":1,"66":1,"67":0,"68":0,"69":0,"70":0,"71":0,"72":0,"73":0,"74":0,"75":0,"76":0,"77":0,"78":0,"79":0,"80":0,"81":0,"82":0,"83":0},"b":{"1":[2,1,1,1],"2":[1,1,1,1],"3":[1,1],"4":[2,2],"5":[1,1],"6":[1,1],"7":[2,0],"8":[2,1,1,1,1,1],"9":[0,2,0],"10":[1,1],"11":[2,1,1],"12":[1,0],"13":[0,2],"14":[2,0,0,0,0,0,0],"15":[0,3],"16":[3,0],"17":[1,1],"18":[0,1],"19":[1,2,0,2],"20":[1,0],"21":[1,1],"22":[0,0],"23":[0,0],"24":[0,0],"25":[0,0],"26":[0,0],"27":[0,0],"28":[0,0]},"f":{"1":2,"2":2,"3":2,"4":2,"5":2,"6":2,"7":3,"8":3,"9":3,"10":1,"11":6,"12":0},"fnMap":{"1":{"name":"(anonymous_1)","line":26,"loc":{"start":{"line":26,"column":1},"end":{"line":26,"column":13}}},"2":{"name":"(anonymous_2)","line":33,"loc":{"start":{"line":33,"column":5},"end":{"line":33,"column":17}}},"3":{"name":"(anonymous_3)","line":37,"loc":{"start":{"line":37,"column":24},"end":{"line":37,"column":36}}},"4":{"name":"(anonymous_4)","line":69,"loc":{"start":{"line":69,"column":31},"end":{"line":69,"column":48}},"skip":true},"5":{"name":"(anonymous_5)","line":78,"loc":{"start":{"line":78,"column":26},"end":{"line":78,"column":45}},"skip":true},"6":{"name":"(anonymous_6)","line":123,"loc":{"start":{"line":123,"column":33},"end":{"line":123,"column":48}},"skip":true},"7":{"name":"(anonymous_7)","line":125,"loc":{"start":{"line":125,"column":27},"end":{"line":125,"column":39}},"skip":true},"8":{"name":"(anonymous_8)","line":133,"loc":{"start":{"line":133,"column":59},"end":{"line":133,"column":74}},"skip":true},"9":{"name":"(anonymous_9)","line":143,"loc":{"start":{"line":143,"column":45},"end":{"line":143,"column":62}},"skip":true},"10":{"name":"(anonymous_10)","line":144,"loc":{"start":{"line":144,"column":73},"end":{"line":144,"column":92}},"skip":true},"11":{"name":"(anonymous_11)","line":272,"loc":{"start":{"line":272,"column":51},"end":{"line":272,"column":77}},"skip":true},"12":{"name":"(anonymous_12)","line":315,"loc":{"start":{"line":315,"column":32},"end":{"line":315,"column":61}},"skip":true}},"statementMap":{"1":{"start":{"line":26,"column":0},"end":{"line":326,"column":5}},"2":{"start":{"line":28,"column":4},"end":{"line":28,"column":14}},"3":{"start":{"line":33,"column":4},"end":{"line":60,"column":9}},"4":{"start":{"line":35,"column":8},"end":{"line":35,"column":19}},"5":{"start":{"line":37,"column":8},"end":{"line":49,"column":13}},"6":{"start":{"line":38,"column":12},"end":{"line":48,"column":13}},"7":{"start":{"line":39,"column":16},"end":{"line":42,"column":30}},"8":{"start":{"line":44,"column":16},"end":{"line":47,"column":27}},"9":{"start":{"line":51,"column":8},"end":{"line":53,"column":21}},"10":{"start":{"line":55,"column":8},"end":{"line":57,"column":45}},"11":{"start":{"line":59,"column":8},"end":{"line":59,"column":35}},"12":{"start":{"line":61,"column":4},"end":{"line":325,"column":5}},"13":{"start":{"line":69,"column":8},"end":{"line":121,"column":10},"skip":true},"14":{"start":{"line":70,"column":12},"end":{"line":88,"column":13},"skip":true},"15":{"start":{"line":76,"column":16},"end":{"line":87,"column":19},"skip":true},"16":{"start":{"line":79,"column":20},"end":{"line":86,"column":21},"skip":true},"17":{"start":{"line":82,"column":24},"end":{"line":82,"column":43},"skip":true},"18":{"start":{"line":83,"column":24},"end":{"line":83,"column":30},"skip":true},"19":{"start":{"line":85,"column":24},"end":{"line":85,"column":49},"skip":true},"20":{"start":{"line":89,"column":12},"end":{"line":107,"column":13},"skip":true},"21":{"start":{"line":92,"column":16},"end":{"line":102,"column":17},"skip":true},"22":{"start":{"line":93,"column":20},"end":{"line":93,"column":86},"skip":true},"23":{"start":{"line":94,"column":20},"end":{"line":95,"column":45},"skip":true},"24":{"start":{"line":96,"column":20},"end":{"line":96,"column":42},"skip":true},"25":{"start":{"line":97,"column":20},"end":{"line":97,"column":48},"skip":true},"26":{"start":{"line":100,"column":20},"end":{"line":100,"column":85},"skip":true},"27":{"start":{"line":101,"column":20},"end":{"line":101,"column":96},"skip":true},"28":{"start":{"line":103,"column":16},"end":{"line":103,"column":22},"skip":true},"29":{"start":{"line":106,"column":16},"end":{"line":106,"column":22},"skip":true},"30":{"start":{"line":108,"column":12},"end":{"line":120,"column":13},"skip":true},"31":{"start":{"line":114,"column":16},"end":{"line":119,"column":17},"skip":true},"32":{"start":{"line":116,"column":20},"end":{"line":116,"column":78},"skip":true},"33":{"start":{"line":118,"column":20},"end":{"line":118,"column":47},"skip":true},"34":{"start":{"line":123,"column":8},"end":{"line":141,"column":11},"skip":true},"35":{"start":{"line":124,"column":12},"end":{"line":124,"column":54},"skip":true},"36":{"start":{"line":125,"column":12},"end":{"line":140,"column":14},"skip":true},"37":{"start":{"line":126,"column":16},"end":{"line":126,"column":28},"skip":true},"38":{"start":{"line":127,"column":16},"end":{"line":127,"column":69},"skip":true},"39":{"start":{"line":128,"column":16},"end":{"line":128,"column":75},"skip":true},"40":{"start":{"line":129,"column":16},"end":{"line":131,"column":17},"skip":true},"41":{"start":{"line":130,"column":20},"end":{"line":130,"column":27},"skip":true},"42":{"start":{"line":133,"column":16},"end":{"line":137,"column":36},"skip":true},"43":{"start":{"line":134,"column":20},"end":{"line":136,"column":55},"skip":true},"44":{"start":{"line":139,"column":16},"end":{"line":139,"column":57},"skip":true},"45":{"start":{"line":143,"column":8},"end":{"line":147,"column":11},"skip":true},"46":{"start":{"line":144,"column":12},"end":{"line":146,"column":15},"skip":true},"47":{"start":{"line":145,"column":16},"end":{"line":145,"column":70},"skip":true},"48":{"start":{"line":149,"column":8},"end":{"line":149,"column":31},"skip":true},"49":{"start":{"line":150,"column":8},"end":{"line":150,"column":14},"skip":true},"50":{"start":{"line":158,"column":8},"end":{"line":158,"column":31},"skip":true},"51":{"start":{"line":160,"column":8},"end":{"line":160,"column":33},"skip":true},"52":{"start":{"line":161,"column":8},"end":{"line":161,"column":37},"skip":true},"53":{"start":{"line":162,"column":8},"end":{"line":162,"column":35},"skip":true},"54":{"start":{"line":164,"column":8},"end":{"line":164,"column":50},"skip":true},"55":{"start":{"line":166,"column":8},"end":{"line":256,"column":2},"skip":true},"56":{"start":{"line":258,"column":8},"end":{"line":286,"column":9},"skip":true},"57":{"start":{"line":259,"column":12},"end":{"line":269,"column":14},"skip":true},"58":{"start":{"line":271,"column":12},"end":{"line":285,"column":19},"skip":true},"59":{"start":{"line":274,"column":20},"end":{"line":274,"column":35},"skip":true},"60":{"start":{"line":275,"column":20},"end":{"line":284,"column":21},"skip":true},"61":{"start":{"line":277,"column":24},"end":{"line":277,"column":64},"skip":true},"62":{"start":{"line":279,"column":24},"end":{"line":279,"column":40},"skip":true},"63":{"start":{"line":281,"column":24},"end":{"line":281,"column":40},"skip":true},"64":{"start":{"line":283,"column":24},"end":{"line":283,"column":39},"skip":true},"65":{"start":{"line":288,"column":8},"end":{"line":290,"column":9},"skip":true},"66":{"start":{"line":289,"column":12},"end":{"line":289,"column":18},"skip":true},"67":{"start":{"line":291,"column":8},"end":{"line":293,"column":54},"skip":true},"68":{"start":{"line":296,"column":8},"end":{"line":301,"column":37},"skip":true},"69":{"start":{"line":303,"column":8},"end":{"line":303,"column":82},"skip":true},"70":{"start":{"line":306,"column":8},"end":{"line":308,"column":9},"skip":true},"71":{"start":{"line":307,"column":12},"end":{"line":307,"column":82},"skip":true},"72":{"start":{"line":310,"column":8},"end":{"line":312,"column":9},"skip":true},"73":{"start":{"line":311,"column":12},"end":{"line":311,"column":18},"skip":true},"74":{"start":{"line":313,"column":8},"end":{"line":313,"column":54},"skip":true},"75":{"start":{"line":314,"column":8},"end":{"line":314,"column":69},"skip":true},"76":{"start":{"line":315,"column":8},"end":{"line":323,"column":36},"skip":true},"77":{"start":{"line":316,"column":12},"end":{"line":316,"column":61},"skip":true},"78":{"start":{"line":317,"column":12},"end":{"line":320,"column":13},"skip":true},"79":{"start":{"line":318,"column":16},"end":{"line":318,"column":75},"skip":true},"80":{"start":{"line":319,"column":16},"end":{"line":319,"column":23},"skip":true},"81":{"start":{"line":321,"column":12},"end":{"line":321,"column":38},"skip":true},"82":{"start":{"line":322,"column":12},"end":{"line":322,"column":27},"skip":true},"83":{"start":{"line":324,"column":8},"end":{"line":324,"column":14},"skip":true}},"branchMap":{"1":{"line":39,"type":"binary-expr","locations":[{"start":{"line":39,"column":23},"end":{"line":39,"column":62}},{"start":{"line":40,"column":20},"end":{"line":40,"column":70}},{"start":{"line":41,"column":20},"end":{"line":41,"column":71}},{"start":{"line":42,"column":20},"end":{"line":42,"column":29}}]},"2":{"line":44,"type":"binary-expr","locations":[{"start":{"line":44,"column":23},"end":{"line":44,"column":37}},{"start":{"line":45,"column":20},"end":{"line":45,"column":61}},{"start":{"line":46,"column":20},"end":{"line":46,"column":70}},{"start":{"line":47,"column":20},"end":{"line":47,"column":26}}]},"3":{"line":51,"type":"cond-expr","locations":[{"start":{"line":52,"column":14},"end":{"line":52,"column":20}},{"start":{"line":53,"column":14},"end":{"line":53,"column":20}}]},"4":{"line":55,"type":"binary-expr","locations":[{"start":{"line":55,"column":16},"end":{"line":55,"column":44}},{"start":{"line":55,"column":49},"end":{"line":57,"column":43}}]},"5":{"line":55,"type":"cond-expr","locations":[{"start":{"line":56,"column":14},"end":{"line":56,"column":60}},{"start":{"line":57,"column":14},"end":{"line":57,"column":43}}]},"6":{"line":61,"type":"switch","locations":[{"start":{"line":68,"column":4},"end":{"line":150,"column":14},"skip":true},{"start":{"line":156,"column":4},"end":{"line":324,"column":14},"skip":true}]},"7":{"line":70,"type":"if","locations":[{"start":{"line":70,"column":12},"end":{"line":70,"column":12},"skip":true},{"start":{"line":70,"column":12},"end":{"line":70,"column":12},"skip":true}]},"8":{"line":70,"type":"binary-expr","locations":[{"start":{"line":70,"column":16},"end":{"line":70,"column":22},"skip":true},{"start":{"line":70,"column":27},"end":{"line":70,"column":32},"skip":true},{"start":{"line":71,"column":20},"end":{"line":71,"column":39},"skip":true},{"start":{"line":72,"column":20},"end":{"line":72,"column":49},"skip":true},{"start":{"line":73,"column":20},"end":{"line":73,"column":58},"skip":true},{"start":{"line":74,"column":20},"end":{"line":74,"column":69},"skip":true}]},"9":{"line":79,"type":"switch","locations":[{"start":{"line":80,"column":20},"end":{"line":80,"column":33},"skip":true},{"start":{"line":81,"column":20},"end":{"line":83,"column":30},"skip":true},{"start":{"line":84,"column":20},"end":{"line":85,"column":49},"skip":true}]},"10":{"line":89,"type":"switch","locations":[{"start":{"line":90,"column":12},"end":{"line":103,"column":22},"skip":true},{"start":{"line":105,"column":12},"end":{"line":106,"column":22},"skip":true}]},"11":{"line":89,"type":"binary-expr","locations":[{"start":{"line":89,"column":20},"end":{"line":89,"column":25},"skip":true},{"start":{"line":89,"column":29},"end":{"line":89,"column":48},"skip":true},{"start":{"line":89,"column":52},"end":{"line":89,"column":74},"skip":true}]},"12":{"line":92,"type":"if","locations":[{"start":{"line":92,"column":16},"end":{"line":92,"column":16},"skip":true},{"start":{"line":92,"column":16},"end":{"line":92,"column":16},"skip":true}]},"13":{"line":108,"type":"if","locations":[{"start":{"line":108,"column":12},"end":{"line":108,"column":12},"skip":true},{"start":{"line":108,"column":12},"end":{"line":108,"column":12},"skip":true}]},"14":{"line":108,"type":"binary-expr","locations":[{"start":{"line":108,"column":16},"end":{"line":108,"column":61},"skip":true},{"start":{"line":108,"column":66},"end":{"line":108,"column":72},"skip":true},{"start":{"line":108,"column":77},"end":{"line":108,"column":82},"skip":true},{"start":{"line":109,"column":20},"end":{"line":109,"column":39},"skip":true},{"start":{"line":110,"column":20},"end":{"line":110,"column":49},"skip":true},{"start":{"line":111,"column":20},"end":{"line":111,"column":58},"skip":true},{"start":{"line":112,"column":20},"end":{"line":112,"column":68},"skip":true}]},"15":{"line":129,"type":"if","locations":[{"start":{"line":129,"column":16},"end":{"line":129,"column":16},"skip":true},{"start":{"line":129,"column":16},"end":{"line":129,"column":16},"skip":true}]},"16":{"line":134,"type":"cond-expr","locations":[{"start":{"line":135,"column":26},"end":{"line":135,"column":29},"skip":true},{"start":{"line":136,"column":26},"end":{"line":136,"column":54},"skip":true}]},"17":{"line":164,"type":"binary-expr","locations":[{"start":{"line":164,"column":27},"end":{"line":164,"column":43},"skip":true},{"start":{"line":164,"column":47},"end":{"line":164,"column":49},"skip":true}]},"18":{"line":258,"type":"if","locations":[{"start":{"line":258,"column":8},"end":{"line":258,"column":8},"skip":true},{"start":{"line":258,"column":8},"end":{"line":258,"column":8},"skip":true}]},"19":{"line":275,"type":"switch","locations":[{"start":{"line":276,"column":20},"end":{"line":277,"column":64},"skip":true},{"start":{"line":278,"column":20},"end":{"line":279,"column":40},"skip":true},{"start":{"line":280,"column":20},"end":{"line":281,"column":40},"skip":true},{"start":{"line":282,"column":20},"end":{"line":283,"column":39},"skip":true}]},"20":{"line":288,"type":"if","locations":[{"start":{"line":288,"column":8},"end":{"line":288,"column":8},"skip":true},{"start":{"line":288,"column":8},"end":{"line":288,"column":8},"skip":true}]},"21":{"line":288,"type":"binary-expr","locations":[{"start":{"line":288,"column":12},"end":{"line":288,"column":40},"skip":true},{"start":{"line":288,"column":44},"end":{"line":288,"column":67},"skip":true}]},"22":{"line":292,"type":"binary-expr","locations":[{"start":{"line":292,"column":12},"end":{"line":292,"column":50},"skip":true},{"start":{"line":293,"column":12},"end":{"line":293,"column":53},"skip":true}]},"23":{"line":297,"type":"binary-expr","locations":[{"start":{"line":297,"column":12},"end":{"line":297,"column":74},"skip":true},{"start":{"line":298,"column":12},"end":{"line":301,"column":36},"skip":true}]},"24":{"line":303,"type":"binary-expr","locations":[{"start":{"line":303,"column":43},"end":{"line":303,"column":75},"skip":true},{"start":{"line":303,"column":79},"end":{"line":303,"column":81},"skip":true}]},"25":{"line":306,"type":"if","locations":[{"start":{"line":306,"column":8},"end":{"line":306,"column":8},"skip":true},{"start":{"line":306,"column":8},"end":{"line":306,"column":8},"skip":true}]},"26":{"line":310,"type":"if","locations":[{"start":{"line":310,"column":8},"end":{"line":310,"column":8},"skip":true},{"start":{"line":310,"column":8},"end":{"line":310,"column":8},"skip":true}]},"27":{"line":313,"type":"binary-expr","locations":[{"start":{"line":313,"column":27},"end":{"line":313,"column":43},"skip":true},{"start":{"line":313,"column":47},"end":{"line":313,"column":53},"skip":true}]},"28":{"line":317,"type":"if","locations":[{"start":{"line":317,"column":12},"end":{"line":317,"column":12},"skip":true},{"start":{"line":317,"column":12},"end":{"line":317,"column":12},"skip":true}]}},"code":["/*","example.js","","quickstart example","","instruction","    1. save this script as example.js","    2. run the shell command:","        $ npm install npmtest-bs-html-injector && PORT=8081 node example.js","    3. play with the browser-demo on http://127.0.0.1:8081","*/","","","","/* istanbul instrument in package npmtest_bs_html_injector */","/*jslint","    bitwise: true,","    browser: true,","    maxerr: 8,","    maxlen: 96,","    node: true,","    nomen: true,","    regexp: true,","    stupid: true","*/","(function () {","    'use strict';","    var local;","","","","    // run shared js-env code - pre-init","    (function () {","        // init local","        local = {};","        // init modeJs","        local.modeJs = (function () {","            try {","                return typeof navigator.userAgent === 'string' &&","                    typeof document.querySelector('body') === 'object' &&","                    typeof XMLHttpRequest.prototype.open === 'function' &&","                    'browser';","            } catch (errorCaughtBrowser) {","                return module.exports &&","                    typeof process.versions.node === 'string' &&","                    typeof require('http').createServer === 'function' &&","                    'node';","            }","        }());","        // init global","        local.global = local.modeJs === 'browser'","            ? window","            : global;","        // init utility2_rollup","        local = local.global.utility2_rollup || (local.modeJs === 'browser'","            ? local.global.utility2_npmtest_bs_html_injector","            : global.utility2_moduleExports);","        // export local","        local.global.local = local;","    }());","    switch (local.modeJs) {","","","","    // post-init","    // run browser js-env code - post-init","    /* istanbul ignore next */","    case 'browser':","        local.testRunBrowser = function (event) {","            if (!event || (event &&","                    event.currentTarget &&","                    event.currentTarget.className &&","                    event.currentTarget.className.includes &&","                    event.currentTarget.className.includes('onreset'))) {","                // reset output","                Array.from(","                    document.querySelectorAll('body > .resettable')","                ).forEach(function (element) {","                    switch (element.tagName) {","                    case 'INPUT':","                    case 'TEXTAREA':","                        element.value = '';","                        break;","                    default:","                        element.textContent = '';","                    }","                });","            }","            switch (event && event.currentTarget && event.currentTarget.id) {","            case 'testRunButton1':","                // show tests","                if (document.querySelector('#testReportDiv1').style.display === 'none') {","                    document.querySelector('#testReportDiv1').style.display = 'block';","                    document.querySelector('#testRunButton1').textContent =","                        'hide internal test';","                    local.modeTest = true;","                    local.testRunDefault(local);","                // hide tests","                } else {","                    document.querySelector('#testReportDiv1').style.display = 'none';","                    document.querySelector('#testRunButton1').textContent = 'run internal test';","                }","                break;","            // custom-case","            default:","                break;","            }","            if (document.querySelector('#inputTextareaEval1') && (!event || (event &&","                    event.currentTarget &&","                    event.currentTarget.className &&","                    event.currentTarget.className.includes &&","                    event.currentTarget.className.includes('oneval')))) {","                // try to eval input-code","                try {","                    /*jslint evil: true*/","                    eval(document.querySelector('#inputTextareaEval1').value);","                } catch (errorCaught) {","                    console.error(errorCaught);","                }","            }","        };","        // log stderr and stdout to #outputTextareaStdout1","        ['error', 'log'].forEach(function (key) {","            console[key + '_original'] = console[key];","            console[key] = function () {","                var element;","                console[key + '_original'].apply(console, arguments);","                element = document.querySelector('#outputTextareaStdout1');","                if (!element) {","                    return;","                }","                // append text to #outputTextareaStdout1","                element.value += Array.from(arguments).map(function (arg) {","                    return typeof arg === 'string'","                        ? arg","                        : JSON.stringify(arg, null, 4);","                }).join(' ') + '\\n';","                // scroll textarea to bottom","                element.scrollTop = element.scrollHeight;","            };","        });","        // init event-handling","        ['change', 'click', 'keyup'].forEach(function (event) {","            Array.from(document.querySelectorAll('.on' + event)).forEach(function (element) {","                element.addEventListener(event, local.testRunBrowser);","            });","        });","        // run tests","        local.testRunBrowser();","        break;","","","","    // run node js-env code - post-init","    /* istanbul ignore next */","    case 'node':","        // export local","        module.exports = local;","        // require modules","        local.fs = require('fs');","        local.http = require('http');","        local.url = require('url');","        // init assets","        local.assetsDict = local.assetsDict || {};","        /* jslint-ignore-begin */","        local.assetsDict['/assets.index.template.html'] = '\\","<!doctype html>\\n\\","<html lang=\"en\">\\n\\","<head>\\n\\","<meta charset=\"UTF-8\">\\n\\","<meta name=\"viewport\" content=\"width=device-width, initial-scale=1\">\\n\\","<title>{{env.npm_package_name}} (v{{env.npm_package_version}})</title>\\n\\","<style>\\n\\","/*csslint\\n\\","    box-sizing: false,\\n\\","    universal-selector: false\\n\\","*/\\n\\","* {\\n\\","    box-sizing: border-box;\\n\\","}\\n\\","body {\\n\\","    background: #dde;\\n\\","    font-family: Arial, Helvetica, sans-serif;\\n\\","    margin: 2rem;\\n\\","}\\n\\","body > * {\\n\\","    margin-bottom: 1rem;\\n\\","}\\n\\",".utility2FooterDiv {\\n\\","    margin-top: 20px;\\n\\","    text-align: center;\\n\\","}\\n\\","</style>\\n\\","<style>\\n\\","/*csslint\\n\\","*/\\n\\","textarea {\\n\\","    font-family: monospace;\\n\\","    height: 10rem;\\n\\","    width: 100%;\\n\\","}\\n\\","textarea[readonly] {\\n\\","    background: #ddd;\\n\\","}\\n\\","</style>\\n\\","</head>\\n\\","<body>\\n\\","<!-- utility2-comment\\n\\","<div id=\"ajaxProgressDiv1\" style=\"background: #d00; height: 2px; left: 0; margin: 0; padding: 0; position: fixed; top: 0; transition: background 0.5s, width 1.5s; width: 25%;\"></div>\\n\\","utility2-comment -->\\n\\","<h1>\\n\\","<!-- utility2-comment\\n\\","    <a\\n\\","        {{#if env.npm_package_homepage}}\\n\\","        href=\"{{env.npm_package_homepage}}\"\\n\\","        {{/if env.npm_package_homepage}}\\n\\","        target=\"_blank\"\\n\\","    >\\n\\","utility2-comment -->\\n\\","        {{env.npm_package_name}} (v{{env.npm_package_version}})\\n\\","<!-- utility2-comment\\n\\","    </a>\\n\\","utility2-comment -->\\n\\","</h1>\\n\\","<h3>{{env.npm_package_description}}</h3>\\n\\","<!-- utility2-comment\\n\\","<h4><a download href=\"assets.app.js\">download standalone app</a></h4>\\n\\","<button class=\"onclick onreset\" id=\"testRunButton1\">run internal test</button><br>\\n\\","<div id=\"testReportDiv1\" style=\"display: none;\"></div>\\n\\","utility2-comment -->\\n\\","\\n\\","\\n\\","\\n\\","<label>stderr and stdout</label>\\n\\","<textarea class=\"resettable\" id=\"outputTextareaStdout1\" readonly></textarea>\\n\\","<!-- utility2-comment\\n\\","{{#if isRollup}}\\n\\","<script src=\"assets.app.js\"></script>\\n\\","{{#unless isRollup}}\\n\\","utility2-comment -->\\n\\","<script src=\"assets.utility2.rollup.js\"></script>\\n\\","<script src=\"jsonp.utility2._stateInit?callback=window.utility2._stateInit\"></script>\\n\\","<script src=\"assets.npmtest_bs_html_injector.rollup.js\"></script>\\n\\","<script src=\"assets.example.js\"></script>\\n\\","<script src=\"assets.test.js\"></script>\\n\\","<!-- utility2-comment\\n\\","{{/if isRollup}}\\n\\","utility2-comment -->\\n\\","<div class=\"utility2FooterDiv\">\\n\\","    [ this app was created with\\n\\","    <a href=\"https://github.com/kaizhu256/node-utility2\" target=\"_blank\">utility2</a>\\n\\","    ]\\n\\","</div>\\n\\","</body>\\n\\","</html>\\n\\","';","        /* jslint-ignore-end */","        if (local.templateRender) {","            local.assetsDict['/'] = local.templateRender(","                local.assetsDict['/assets.index.template.html'],","                {","                    env: local.objectSetDefault(local.env, {","                        npm_package_description: 'the greatest app in the world!',","                        npm_package_name: 'my-app',","                        npm_package_nameAlias: 'my_app',","                        npm_package_version: '0.0.1'","                    })","                }","            );","        } else {","            local.assetsDict['/'] = local.assetsDict['/assets.index.template.html']","                .replace((/\\{\\{env\\.(\\w+?)\\}\\}/g), function (match0, match1) {","                    // jslint-hack","                    String(match0);","                    switch (match1) {","                    case 'npm_package_description':","                        return 'the greatest app in the world!';","                    case 'npm_package_name':","                        return 'my-app';","                    case 'npm_package_nameAlias':","                        return 'my_app';","                    case 'npm_package_version':","                        return '0.0.1';","                    }","                });","        }","        // run the cli","        if (local.global.utility2_rollup || module !== require.main) {","            break;","        }","        local.assetsDict['/assets.example.js'] =","            local.assetsDict['/assets.example.js'] ||","            local.fs.readFileSync(__filename, 'utf8');","        // bug-workaround - long $npm_package_buildCustomOrg","        /* jslint-ignore-begin */","        local.assetsDict['/assets.npmtest_bs_html_injector.rollup.js'] =","            local.assetsDict['/assets.npmtest_bs_html_injector.rollup.js'] ||","            local.fs.readFileSync(","                local.npmtest_bs_html_injector.__dirname + '/lib.npmtest_bs_html_injector.js',","                'utf8'","            ).replace((/^#!/), '//');","        /* jslint-ignore-end */","        local.assetsDict['/favicon.ico'] = local.assetsDict['/favicon.ico'] || '';","        // if $npm_config_timeout_exit exists,","        // then exit this process after $npm_config_timeout_exit ms","        if (Number(process.env.npm_config_timeout_exit)) {","            setTimeout(process.exit, Number(process.env.npm_config_timeout_exit));","        }","        // start server","        if (local.global.utility2_serverHttp1) {","            break;","        }","        process.env.PORT = process.env.PORT || '8081';","        console.error('server starting on port ' + process.env.PORT);","        local.http.createServer(function (request, response) {","            request.urlParsed = local.url.parse(request.url);","            if (local.assetsDict[request.urlParsed.pathname] !== undefined) {","                response.end(local.assetsDict[request.urlParsed.pathname]);","                return;","            }","            response.statusCode = 404;","            response.end();","        }).listen(process.env.PORT);","        break;","    }","}());",""],"l":{"26":2,"28":2,"33":2,"35":2,"37":2,"38":2,"39":2,"44":1,"51":2,"55":2,"59":2,"61":2,"69":1,"70":2,"76":2,"79":2,"82":2,"83":2,"85":1,"89":2,"92":1,"93":1,"94":1,"96":1,"97":1,"100":1,"101":1,"103":1,"106":1,"108":2,"114":1,"116":1,"118":1,"123":1,"124":2,"125":2,"126":3,"127":3,"128":3,"129":3,"130":1,"133":3,"134":3,"139":3,"143":1,"144":3,"145":1,"149":1,"150":1,"158":1,"160":1,"161":1,"162":1,"164":1,"166":1,"258":1,"259":1,"271":1,"274":6,"275":6,"277":1,"279":2,"281":1,"283":2,"288":1,"289":1,"291":1,"296":1,"303":1,"306":1,"307":1,"310":1,"311":1,"313":1,"314":1,"315":1,"316":1,"317":1,"318":1,"319":1,"321":1,"322":1,"324":1}},"/home/travis/build/npmtest/node-npmtest-bs-html-injector/node_modules/bs-html-injector/index.js":{"path":"/home/travis/build/npmtest/node-npmtest-bs-html-injector/node_modules/bs-html-injector/index.js","s":{"1":1,"2":1,"3":1,"4":1,"5":1,"6":1,"7":1,"8":1,"9":1,"10":1,"11":1,"12":0,"13":0,"14":1,"15":0,"16":0,"17":0,"18":0,"19":0,"20":0,"21":0,"22":0,"23":0,"24":1,"25":0,"26":0,"27":0,"28":0,"29":0,"30":0,"31":1,"32":0,"33":0,"34":0,"35":0,"36":0,"37":0,"38":0,"39":0,"40":0,"41":0,"42":0,"43":0,"44":0,"45":0,"46":0,"47":1,"48":0,"49":1,"50":0,"51":1,"52":0,"53":0,"54":0,"55":0,"56":0,"57":0,"58":1,"59":0,"60":0,"61":0,"62":0,"63":0,"64":0,"65":0,"66":0,"67":0,"68":0,"69":0,"70":0,"71":0,"72":1,"73":0,"74":0,"75":0,"76":1,"77":0,"78":0,"79":0,"80":0,"81":1,"82":0,"83":0,"84":0,"85":0,"86":0,"87":0,"88":0,"89":0,"90":0,"91":0,"92":0,"93":0,"94":0,"95":0,"96":0,"97":0,"98":0,"99":0,"100":0,"101":1,"102":1},"b":{"1":[0,0],"2":[0,0],"3":[0,0],"4":[0,0],"5":[0,0],"6":[0,0],"7":[0,0],"8":[0,0],"9":[0,0],"10":[0,0],"11":[0,0],"12":[0,0],"13":[0,0],"14":[0,0],"15":[0,0],"16":[0,0],"17":[0,0],"18":[0,0],"19":[0,0],"20":[0,0],"21":[0,0],"22":[0,0]},"f":{"1":0,"2":0,"3":0,"4":0,"5":0,"6":0,"7":0,"8":0,"9":0,"10":0,"11":0,"12":0,"13":0,"14":0,"15":0,"16":0,"17":0,"18":0,"19":0},"fnMap":{"1":{"name":"(anonymous_1)","line":33,"loc":{"start":{"line":33,"column":17},"end":{"line":33,"column":29}}},"2":{"name":"(anonymous_2)","line":43,"loc":{"start":{"line":43,"column":27},"end":{"line":43,"column":47}}},"3":{"name":"addUiEvents","line":64,"loc":{"start":{"line":64,"column":4},"end":{"line":64,"column":28}}},"4":{"name":"(anonymous_4)","line":69,"loc":{"start":{"line":69,"column":31},"end":{"line":69,"column":47}}},"5":{"name":"(anonymous_5)","line":73,"loc":{"start":{"line":73,"column":34},"end":{"line":73,"column":50}}},"6":{"name":"updateOptions","line":79,"loc":{"start":{"line":79,"column":8},"end":{"line":79,"column":38}}},"7":{"name":"(anonymous_7)","line":96,"loc":{"start":{"line":96,"column":38},"end":{"line":96,"column":54}}},"8":{"name":"handleSocketConnection","line":133,"loc":{"start":{"line":133,"column":4},"end":{"line":133,"column":45}}},"9":{"name":"getRequestOptions","line":137,"loc":{"start":{"line":137,"column":4},"end":{"line":137,"column":36}}},"10":{"name":"handleUrlEvent","line":149,"loc":{"start":{"line":149,"column":4},"end":{"line":149,"column":35}}},"11":{"name":"(anonymous_11)","line":156,"loc":{"start":{"line":156,"column":45},"end":{"line":156,"column":78}}},"12":{"name":"fileChangedEvent","line":166,"loc":{"start":{"line":166,"column":4},"end":{"line":166,"column":37}}},"13":{"name":"pluginEvent","line":193,"loc":{"start":{"line":193,"column":4},"end":{"line":193,"column":28}}},"14":{"name":"doNewRequest","line":202,"loc":{"start":{"line":202,"column":4},"end":{"line":202,"column":28}}},"15":{"name":"requestNew","line":217,"loc":{"start":{"line":217,"column":4},"end":{"line":217,"column":31}}},"16":{"name":"(anonymous_16)","line":221,"loc":{"start":{"line":221,"column":45},"end":{"line":221,"column":60}}},"17":{"name":"(anonymous_17)","line":227,"loc":{"start":{"line":227,"column":48},"end":{"line":227,"column":63}}},"18":{"name":"(anonymous_18)","line":236,"loc":{"start":{"line":236,"column":44},"end":{"line":236,"column":77}}},"19":{"name":"(anonymous_19)","line":244,"loc":{"start":{"line":244,"column":38},"end":{"line":244,"column":54}}}},"statementMap":{"1":{"start":{"line":8,"column":0},"end":{"line":8,"column":37}},"2":{"start":{"line":9,"column":0},"end":{"line":9,"column":45}},"3":{"start":{"line":10,"column":0},"end":{"line":10,"column":38}},"4":{"start":{"line":11,"column":0},"end":{"line":11,"column":56}},"5":{"start":{"line":12,"column":0},"end":{"line":12,"column":55}},"6":{"start":{"line":14,"column":0},"end":{"line":14,"column":50}},"7":{"start":{"line":15,"column":0},"end":{"line":15,"column":43}},"8":{"start":{"line":16,"column":0},"end":{"line":16,"column":46}},"9":{"start":{"line":22,"column":0},"end":{"line":22,"column":19}},"10":{"start":{"line":27,"column":0},"end":{"line":27,"column":13}},"11":{"start":{"line":33,"column":0},"end":{"line":37,"column":2}},"12":{"start":{"line":34,"column":4},"end":{"line":36,"column":5}},"13":{"start":{"line":35,"column":8},"end":{"line":35,"column":49}},"14":{"start":{"line":43,"column":0},"end":{"line":256,"column":2}},"15":{"start":{"line":45,"column":4},"end":{"line":45,"column":22}},"16":{"start":{"line":47,"column":4},"end":{"line":47,"column":75}},"17":{"start":{"line":49,"column":4},"end":{"line":51,"column":5}},"18":{"start":{"line":50,"column":8},"end":{"line":50,"column":39}},"19":{"start":{"line":53,"column":4},"end":{"line":53,"column":69}},"20":{"start":{"line":54,"column":4},"end":{"line":54,"column":41}},"21":{"start":{"line":55,"column":4},"end":{"line":55,"column":75}},"22":{"start":{"line":57,"column":4},"end":{"line":59,"column":5}},"23":{"start":{"line":58,"column":8},"end":{"line":58,"column":22}},"24":{"start":{"line":64,"column":4},"end":{"line":89,"column":5}},"25":{"start":{"line":66,"column":8},"end":{"line":66,"column":71}},"26":{"start":{"line":68,"column":8},"end":{"line":77,"column":11}},"27":{"start":{"line":70,"column":16},"end":{"line":70,"column":77}},"28":{"start":{"line":71,"column":16},"end":{"line":71,"column":36}},"29":{"start":{"line":74,"column":16},"end":{"line":74,"column":71}},"30":{"start":{"line":75,"column":16},"end":{"line":75,"column":36}},"31":{"start":{"line":79,"column":8},"end":{"line":88,"column":9}},"32":{"start":{"line":80,"column":12},"end":{"line":83,"column":15}},"33":{"start":{"line":84,"column":12},"end":{"line":87,"column":15}},"34":{"start":{"line":91,"column":4},"end":{"line":91,"column":40}},"35":{"start":{"line":96,"column":4},"end":{"line":113,"column":7}},"36":{"start":{"line":98,"column":8},"end":{"line":100,"column":9}},"37":{"start":{"line":99,"column":12},"end":{"line":99,"column":19}},"38":{"start":{"line":102,"column":8},"end":{"line":102,"column":34}},"39":{"start":{"line":104,"column":8},"end":{"line":108,"column":9}},"40":{"start":{"line":105,"column":12},"end":{"line":105,"column":37}},"41":{"start":{"line":107,"column":12},"end":{"line":107,"column":43}},"42":{"start":{"line":110,"column":8},"end":{"line":110,"column":25}},"43":{"start":{"line":112,"column":8},"end":{"line":112,"column":30}},"44":{"start":{"line":118,"column":4},"end":{"line":118,"column":51}},"45":{"start":{"line":123,"column":4},"end":{"line":123,"column":49}},"46":{"start":{"line":128,"column":4},"end":{"line":128,"column":53}},"47":{"start":{"line":133,"column":4},"end":{"line":135,"column":5}},"48":{"start":{"line":134,"column":8},"end":{"line":134,"column":48}},"49":{"start":{"line":137,"column":4},"end":{"line":144,"column":5}},"50":{"start":{"line":138,"column":8},"end":{"line":143,"column":9}},"51":{"start":{"line":149,"column":4},"end":{"line":164,"column":5}},"52":{"start":{"line":151,"column":8},"end":{"line":154,"column":9}},"53":{"start":{"line":153,"column":12},"end":{"line":153,"column":19}},"54":{"start":{"line":156,"column":8},"end":{"line":163,"column":11}},"55":{"start":{"line":158,"column":12},"end":{"line":158,"column":60}},"56":{"start":{"line":160,"column":12},"end":{"line":162,"column":13}},"57":{"start":{"line":161,"column":16},"end":{"line":161,"column":63}},"58":{"start":{"line":166,"column":4},"end":{"line":191,"column":5}},"59":{"start":{"line":168,"column":8},"end":{"line":170,"column":9}},"60":{"start":{"line":169,"column":12},"end":{"line":169,"column":19}},"61":{"start":{"line":172,"column":8},"end":{"line":181,"column":9}},"62":{"start":{"line":174,"column":12},"end":{"line":178,"column":13}},"63":{"start":{"line":175,"column":16},"end":{"line":175,"column":40}},"64":{"start":{"line":176,"column":16},"end":{"line":176,"column":50}},"65":{"start":{"line":177,"column":16},"end":{"line":177,"column":53}},"66":{"start":{"line":180,"column":12},"end":{"line":180,"column":19}},"67":{"start":{"line":183,"column":8},"end":{"line":186,"column":9}},"68":{"start":{"line":184,"column":12},"end":{"line":184,"column":57}},"69":{"start":{"line":185,"column":12},"end":{"line":185,"column":19}},"70":{"start":{"line":188,"column":8},"end":{"line":188,"column":65}},"71":{"start":{"line":190,"column":8},"end":{"line":190,"column":25}},"72":{"start":{"line":193,"column":4},"end":{"line":200,"column":5}},"73":{"start":{"line":195,"column":8},"end":{"line":197,"column":9}},"74":{"start":{"line":196,"column":12},"end":{"line":196,"column":19}},"75":{"start":{"line":199,"column":8},"end":{"line":199,"column":23}},"76":{"start":{"line":202,"column":4},"end":{"line":211,"column":5}},"77":{"start":{"line":204,"column":8},"end":{"line":206,"column":9}},"78":{"start":{"line":205,"column":12},"end":{"line":205,"column":19}},"79":{"start":{"line":208,"column":8},"end":{"line":208,"column":105}},"80":{"start":{"line":210,"column":8},"end":{"line":210,"column":25}},"81":{"start":{"line":217,"column":4},"end":{"line":255,"column":5}},"82":{"start":{"line":220,"column":8},"end":{"line":220,"column":82}},"83":{"start":{"line":221,"column":8},"end":{"line":223,"column":11}},"84":{"start":{"line":222,"column":12},"end":{"line":222,"column":58}},"85":{"start":{"line":225,"column":8},"end":{"line":225,"column":88}},"86":{"start":{"line":227,"column":8},"end":{"line":254,"column":11}},"87":{"start":{"line":229,"column":12},"end":{"line":232,"column":13}},"88":{"start":{"line":230,"column":16},"end":{"line":230,"column":47}},"89":{"start":{"line":231,"column":16},"end":{"line":231,"column":23}},"90":{"start":{"line":234,"column":12},"end":{"line":234,"column":40}},"91":{"start":{"line":236,"column":12},"end":{"line":253,"column":15}},"92":{"start":{"line":238,"column":16},"end":{"line":252,"column":17}},"93":{"start":{"line":240,"column":20},"end":{"line":240,"column":95}},"94":{"start":{"line":242,"column":20},"end":{"line":251,"column":21}},"95":{"start":{"line":243,"column":24},"end":{"line":243,"column":65}},"96":{"start":{"line":244,"column":24},"end":{"line":247,"column":27}},"97":{"start":{"line":245,"column":28},"end":{"line":245,"column":88}},"98":{"start":{"line":246,"column":28},"end":{"line":246,"column":68}},"99":{"start":{"line":249,"column":24},"end":{"line":249,"column":69}},"100":{"start":{"line":250,"column":24},"end":{"line":250,"column":55}},"101":{"start":{"line":262,"column":0},"end":{"line":264,"column":2}},"102":{"start":{"line":270,"column":0},"end":{"line":270,"column":51}}},"branchMap":{"1":{"line":34,"type":"if","locations":[{"start":{"line":34,"column":4},"end":{"line":34,"column":4}},{"start":{"line":34,"column":4},"end":{"line":34,"column":4}}]},"2":{"line":45,"type":"binary-expr","locations":[{"start":{"line":45,"column":11},"end":{"line":45,"column":15}},{"start":{"line":45,"column":19},"end":{"line":45,"column":21}}]},"3":{"line":49,"type":"if","locations":[{"start":{"line":49,"column":4},"end":{"line":49,"column":4}},{"start":{"line":49,"column":4},"end":{"line":49,"column":4}}]},"4":{"line":57,"type":"if","locations":[{"start":{"line":57,"column":4},"end":{"line":57,"column":4}},{"start":{"line":57,"column":4},"end":{"line":57,"column":4}}]},"5":{"line":98,"type":"if","locations":[{"start":{"line":98,"column":8},"end":{"line":98,"column":8}},{"start":{"line":98,"column":8},"end":{"line":98,"column":8}}]},"6":{"line":104,"type":"if","locations":[{"start":{"line":104,"column":8},"end":{"line":104,"column":8}},{"start":{"line":104,"column":8},"end":{"line":104,"column":8}}]},"7":{"line":151,"type":"if","locations":[{"start":{"line":151,"column":8},"end":{"line":151,"column":8}},{"start":{"line":151,"column":8},"end":{"line":151,"column":8}}]},"8":{"line":160,"type":"if","locations":[{"start":{"line":160,"column":12},"end":{"line":160,"column":12}},{"start":{"line":160,"column":12},"end":{"line":160,"column":12}}]},"9":{"line":160,"type":"binary-expr","locations":[{"start":{"line":160,"column":16},"end":{"line":160,"column":22}},{"start":{"line":160,"column":26},"end":{"line":160,"column":52}}]},"10":{"line":168,"type":"if","locations":[{"start":{"line":168,"column":8},"end":{"line":168,"column":8}},{"start":{"line":168,"column":8},"end":{"line":168,"column":8}}]},"11":{"line":168,"type":"binary-expr","locations":[{"start":{"line":168,"column":12},"end":{"line":168,"column":38}},{"start":{"line":168,"column":42},"end":{"line":168,"column":65}}]},"12":{"line":172,"type":"if","locations":[{"start":{"line":172,"column":8},"end":{"line":172,"column":8}},{"start":{"line":172,"column":8},"end":{"line":172,"column":8}}]},"13":{"line":174,"type":"if","locations":[{"start":{"line":174,"column":12},"end":{"line":174,"column":12}},{"start":{"line":174,"column":12},"end":{"line":174,"column":12}}]},"14":{"line":174,"type":"binary-expr","locations":[{"start":{"line":174,"column":16},"end":{"line":174,"column":28}},{"start":{"line":174,"column":32},"end":{"line":174,"column":67}}]},"15":{"line":183,"type":"if","locations":[{"start":{"line":183,"column":8},"end":{"line":183,"column":8}},{"start":{"line":183,"column":8},"end":{"line":183,"column":8}}]},"16":{"line":195,"type":"if","locations":[{"start":{"line":195,"column":8},"end":{"line":195,"column":8}},{"start":{"line":195,"column":8},"end":{"line":195,"column":8}}]},"17":{"line":204,"type":"if","locations":[{"start":{"line":204,"column":8},"end":{"line":204,"column":8}},{"start":{"line":204,"column":8},"end":{"line":204,"column":8}}]},"18":{"line":204,"type":"binary-expr","locations":[{"start":{"line":204,"column":12},"end":{"line":204,"column":20}},{"start":{"line":204,"column":24},"end":{"line":204,"column":49}}]},"19":{"line":229,"type":"if","locations":[{"start":{"line":229,"column":12},"end":{"line":229,"column":12}},{"start":{"line":229,"column":12},"end":{"line":229,"column":12}}]},"20":{"line":238,"type":"if","locations":[{"start":{"line":238,"column":16},"end":{"line":238,"column":16}},{"start":{"line":238,"column":16},"end":{"line":238,"column":16}}]},"21":{"line":238,"type":"binary-expr","locations":[{"start":{"line":238,"column":20},"end":{"line":238,"column":26}},{"start":{"line":238,"column":30},"end":{"line":238,"column":56}}]},"22":{"line":242,"type":"if","locations":[{"start":{"line":242,"column":20},"end":{"line":242,"column":20}},{"start":{"line":242,"column":20},"end":{"line":242,"column":20}}]}},"code":["/**"," *"," * HTML Injector"," *  - a BrowserSync.io plugin."," *"," */","","var events       = require('events');","var emitter      = new events.EventEmitter();","var request      = require('request');","var debug        = require('debug')('bs-html-injector');","var createDom    = require(\"./lib/injector\").createDom;","","var HtmlInjector = require(\"./lib/html-injector\");","var config       = require(\"./lib/config\");","var _            = require(\"./lodash.custom\");","","/**"," * ON/OFF flag"," * @type {boolean}"," */","var enabled = true;","","/**"," * Instance of HTML Injector"," */","var instance;","","/**"," * Main export, can be called when BrowserSync is running."," * @returns {*}"," */","module.exports = function () {","    if (instance) {","        return emitter.emit(config.PLUGIN_EVENT);","    }","};","","/**"," * @param {Object} opts"," * @param {BrowserSync} bs"," */","module.exports[\"plugin\"] = function (opts, bs) {","","    opts = opts || {};","","    var logger       = bs.getLogger(config.PLUGIN_NAME).info(\"Running...\");","","    if (typeof opts.logLevel !== \"undefined\") {","        logger.setLevel(opts.logLevel);","    }","","    var htmlInjector = instance = new HtmlInjector(opts, logger, bs);","    var opts         = htmlInjector.opts;","    var clients      = bs.io.of(bs.options.getIn([\"socket\", \"namespace\"]));","","    if (bs.ui) {","        addUiEvents();","    }","","    /**","     * Add UI events if running","     */","    function addUiEvents () {","","        var ui = bs.io.of(bs.ui.config.getIn([\"socket\", \"namespace\"]));","","        bs.ui.listen(config.PLUGIN_NAME, {","            \"restriction:add\": function (data) {","                opts.restrictions = _.uniq(opts.restrictions.concat([data]));","                updateOptions(opts);","            },","            \"restriction:remove\": function (data) {","                opts.restrictions = _.without(opts.restrictions, data);","                updateOptions(opts);","            }","        });","","        function updateOptions (opts) {","            bs.events.emit(\"plugins:opts\", {","                name: config.PLUGIN_NAME,","                opts: opts","            });","            ui.emit(\"options:update\", {","                name: config.PLUGIN_NAME,","                opts: bs.getUserPlugin(config.PLUGIN_NAME).opts","            });","        }","    }","","    enabled = htmlInjector.opts.enabled;","","    /**","     * Configure event","     */","    bs.events.on(\"plugins:configure\", function (data) {","","        if (data.name !== config.PLUGIN_NAME) {","            return;","        }","","        var msg = \"{cyan:Enabled\";","","        if (!data.active) {","            msg = \"{yellow:Disabled\";","        } else {","            clients.emit(\"browser:reload\");","        }","","        logger.info(msg);","","        enabled = data.active;","    });","","    /**","     * File changed event","     */","    bs.events.on(\"file:changed\", fileChangedEvent);","","    /**","     * Internal event","     */","    emitter.on(config.PLUGIN_EVENT, pluginEvent);","","    /**","     * Socket Connection event","     */","    clients.on(\"connection\", handleSocketConnection);","","    /**","     * Catch the above ^","     */","    function handleSocketConnection (client) {","        client.on(\"client:url\", handleUrlEvent);","    }","","    function getRequestOptions(url) {","        return {","            url: url,","            headers: {","                \"Accept\": \"text/html\"","            }","        }","    }","","    /**","     * @param data","     */","    function handleUrlEvent (data) {","","        if (!enabled) {","","            return;","        }","","        request(getRequestOptions(data.url), function (error, response, body) {","","            logger.debug(\"Stashing: {magenta:%s\", data.url);","","            if (!error && response.statusCode == 200) {","                htmlInjector.cache[data.url] = createDom(body);","            }","        });","    }","","    function fileChangedEvent (data) {","","        if (!_.isUndefined(data.event) && data.event !== \"change\") {","            return;","        }","","        if (!enabled) {","","            if (opts.handoff && data._origin !== config.PLUGIN_NAME) {","                data.namespace = \"core\";","                data._origin = config.PLUGIN_NAME;","                bs.events.emit(\"file:changed\", data);","            }","","            return;","        }","","        if (data.namespace !== config.PLUGIN_NAME) {","            debug('Ignoring file change to ', data.path);","            return;","        }","","        debug('Responding to file change event', data.namespace);","","        requestNew(opts);","    }","","    function pluginEvent () {","","        if (!htmlInjector.hasCached()) {","            return;","        }","","        doNewRequest();","    }","","    function doNewRequest() {","","        if (!enabled || !htmlInjector.hasCached()) {","            return;","        }","","        logger.debug(\"Getting new HTML from: {magenta:%s} urls\", Object.keys(htmlInjector.cache).length);","","        requestNew(opts);","    }","    /**","     * Request new version of Dom","     * @param {String} url","     * @param {Object} opts - plugin options","     */","    function requestNew (opts) {","","        // Remove any","        var sockets = bs.io.of(bs.options.getIn([\"socket\", \"namespace\"])).sockets;","        var valid = Object.keys(sockets).map(function (key) {","            return sockets[key].handshake.headers.referer;","        });","","        logger.debug(\"Cache items: {yellow:%s\", Object.keys(htmlInjector.cache).length);","","        Object.keys(htmlInjector.cache).forEach(function (url) {","","            if (valid.indexOf(url) === -1) {","                delete htmlInjector.cache[url];","                return;","            }","","            debug(\"requesting %s\", url);","","            request(getRequestOptions(url), function (error, response, body) {","","                if (!error && response.statusCode == 200) {","","                    var tasks = htmlInjector.process(body, htmlInjector.cache[url], url, opts);","","                    if (tasks.length) {","                        debug(\"%s tasks returned\", tasks.length);","                        tasks.forEach(function (task) {","                            debug(\"Task: TAG: %s, INDEX: %s\", task.tagName, task.index);","                            clients.emit(config.CLIENT_EVENT, task);","                        });","                    } else {","                        debug(\"0 tasks returned, reloading instead\");","                        clients.emit(\"browser:reload\");","                    }","                }","            });","        });","    }","};","","/**"," * Client JS hook"," * @returns {String}"," */","module.exports.hooks = {","    \"client:js\": require(\"fs\").readFileSync(__dirname + \"/client.js\", \"utf-8\")","};","","/**"," * Plugin name."," * @type {string}"," */","module.exports[\"plugin:name\"] = config.PLUGIN_NAME;","",""],"l":{"8":1,"9":1,"10":1,"11":1,"12":1,"14":1,"15":1,"16":1,"22":1,"27":1,"33":1,"34":0,"35":0,"43":1,"45":0,"47":0,"49":0,"50":0,"53":0,"54":0,"55":0,"57":0,"58":0,"64":1,"66":0,"68":0,"70":0,"71":0,"74":0,"75":0,"79":1,"80":0,"84":0,"91":0,"96":0,"98":0,"99":0,"102":0,"104":0,"105":0,"107":0,"110":0,"112":0,"118":0,"123":0,"128":0,"133":1,"134":0,"137":1,"138":0,"149":1,"151":0,"153":0,"156":0,"158":0,"160":0,"161":0,"166":1,"168":0,"169":0,"172":0,"174":0,"175":0,"176":0,"177":0,"180":0,"183":0,"184":0,"185":0,"188":0,"190":0,"193":1,"195":0,"196":0,"199":0,"202":1,"204":0,"205":0,"208":0,"210":0,"217":1,"220":0,"221":0,"222":0,"225":0,"227":0,"229":0,"230":0,"231":0,"234":0,"236":0,"238":0,"240":0,"242":0,"243":0,"244":0,"245":0,"246":0,"249":0,"250":0,"262":1,"270":1}},"/home/travis/build/npmtest/node-npmtest-bs-html-injector/node_modules/bs-html-injector/lib/injector.js":{"path":"/home/travis/build/npmtest/node-npmtest-bs-html-injector/node_modules/bs-html-injector/lib/injector.js","s":{"1":1,"2":1,"3":1,"4":1,"5":1,"6":0,"7":0,"8":0,"9":0,"10":0,"11":0,"12":0,"13":0,"14":0,"15":1,"16":0,"17":0,"18":0,"19":0,"20":0,"21":0,"22":0,"23":0,"24":0,"25":0,"26":0,"27":0,"28":0,"29":0,"30":0,"31":0,"32":0,"33":0,"34":0,"35":0,"36":0,"37":0,"38":0,"39":1,"40":1,"41":0,"42":1},"b":{"1":[0,0],"2":[0,0],"3":[0,0],"4":[0,0],"5":[0,0],"6":[0,0],"7":[0,0],"8":[0,0],"9":[0,0],"10":[0,0],"11":[0,0]},"f":{"1":0,"2":0,"3":0,"4":0,"5":0},"fnMap":{"1":{"name":"compareDoms","line":17,"loc":{"start":{"line":17,"column":0},"end":{"line":17,"column":43}}},"2":{"name":"(anonymous_2)","line":29,"loc":{"start":{"line":29,"column":34},"end":{"line":29,"column":57}}},"3":{"name":"getResults","line":36,"loc":{"start":{"line":36,"column":4},"end":{"line":36,"column":38}}},"4":{"name":"(anonymous_4)","line":60,"loc":{"start":{"line":60,"column":27},"end":{"line":60,"column":55}}},"5":{"name":"createDom","line":89,"loc":{"start":{"line":89,"column":0},"end":{"line":89,"column":27}}}},"statementMap":{"1":{"start":{"line":1,"column":0},"end":{"line":4,"column":2}},"2":{"start":{"line":6,"column":0},"end":{"line":6,"column":42}},"3":{"start":{"line":7,"column":0},"end":{"line":7,"column":55}},"4":{"start":{"line":8,"column":0},"end":{"line":8,"column":56}},"5":{"start":{"line":17,"column":0},"end":{"line":81,"column":1}},"6":{"start":{"line":19,"column":4},"end":{"line":19,"column":22}},"7":{"start":{"line":20,"column":4},"end":{"line":20,"column":48}},"8":{"start":{"line":22,"column":4},"end":{"line":22,"column":19}},"9":{"start":{"line":24,"column":4},"end":{"line":26,"column":5}},"10":{"start":{"line":25,"column":8},"end":{"line":25,"column":21}},"11":{"start":{"line":28,"column":4},"end":{"line":34,"column":5}},"12":{"start":{"line":29,"column":8},"end":{"line":31,"column":11}},"13":{"start":{"line":30,"column":12},"end":{"line":30,"column":36}},"14":{"start":{"line":33,"column":8},"end":{"line":33,"column":27}},"15":{"start":{"line":36,"column":4},"end":{"line":78,"column":5}},"16":{"start":{"line":37,"column":8},"end":{"line":37,"column":29}},"17":{"start":{"line":39,"column":8},"end":{"line":52,"column":9}},"18":{"start":{"line":40,"column":12},"end":{"line":40,"column":62}},"19":{"start":{"line":41,"column":12},"end":{"line":41,"column":62}},"20":{"start":{"line":42,"column":12},"end":{"line":48,"column":13}},"21":{"start":{"line":44,"column":16},"end":{"line":44,"column":54}},"22":{"start":{"line":45,"column":16},"end":{"line":45,"column":54}},"23":{"start":{"line":47,"column":16},"end":{"line":47,"column":60}},"24":{"start":{"line":50,"column":12},"end":{"line":50,"column":26}},"25":{"start":{"line":51,"column":12},"end":{"line":51,"column":26}},"26":{"start":{"line":54,"column":8},"end":{"line":57,"column":9}},"27":{"start":{"line":55,"column":12},"end":{"line":55,"column":38}},"28":{"start":{"line":56,"column":12},"end":{"line":56,"column":19}},"29":{"start":{"line":59,"column":8},"end":{"line":67,"column":11}},"30":{"start":{"line":61,"column":16},"end":{"line":61,"column":31}},"31":{"start":{"line":62,"column":16},"end":{"line":62,"column":95}},"32":{"start":{"line":63,"column":16},"end":{"line":63,"column":82}},"33":{"start":{"line":64,"column":16},"end":{"line":64,"column":51}},"34":{"start":{"line":65,"column":16},"end":{"line":65,"column":31}},"35":{"start":{"line":69,"column":8},"end":{"line":69,"column":38}},"36":{"start":{"line":71,"column":8},"end":{"line":77,"column":9}},"37":{"start":{"line":72,"column":12},"end":{"line":76,"column":15}},"38":{"start":{"line":80,"column":4},"end":{"line":80,"column":17}},"39":{"start":{"line":83,"column":0},"end":{"line":83,"column":41}},"40":{"start":{"line":89,"column":0},"end":{"line":91,"column":1}},"41":{"start":{"line":90,"column":4},"end":{"line":90,"column":25}},"42":{"start":{"line":93,"column":0},"end":{"line":93,"column":37}}},"branchMap":{"1":{"line":19,"type":"binary-expr","locations":[{"start":{"line":19,"column":11},"end":{"line":19,"column":15}},{"start":{"line":19,"column":19},"end":{"line":19,"column":21}}]},"2":{"line":20,"type":"binary-expr","locations":[{"start":{"line":20,"column":24},"end":{"line":20,"column":41}},{"start":{"line":20,"column":45},"end":{"line":20,"column":47}}]},"3":{"line":24,"type":"if","locations":[{"start":{"line":24,"column":4},"end":{"line":24,"column":4}},{"start":{"line":24,"column":4},"end":{"line":24,"column":4}}]},"4":{"line":24,"type":"binary-expr","locations":[{"start":{"line":24,"column":8},"end":{"line":24,"column":15}},{"start":{"line":24,"column":19},"end":{"line":24,"column":26}}]},"5":{"line":28,"type":"if","locations":[{"start":{"line":28,"column":4},"end":{"line":28,"column":4}},{"start":{"line":28,"column":4},"end":{"line":28,"column":4}}]},"6":{"line":39,"type":"if","locations":[{"start":{"line":39,"column":8},"end":{"line":39,"column":8}},{"start":{"line":39,"column":8},"end":{"line":39,"column":8}}]},"7":{"line":42,"type":"if","locations":[{"start":{"line":42,"column":12},"end":{"line":42,"column":12}},{"start":{"line":42,"column":12},"end":{"line":42,"column":12}}]},"8":{"line":42,"type":"binary-expr","locations":[{"start":{"line":42,"column":16},"end":{"line":42,"column":29}},{"start":{"line":42,"column":33},"end":{"line":42,"column":46}}]},"9":{"line":54,"type":"if","locations":[{"start":{"line":54,"column":8},"end":{"line":54,"column":8}},{"start":{"line":54,"column":8},"end":{"line":54,"column":8}}]},"10":{"line":54,"type":"binary-expr","locations":[{"start":{"line":54,"column":12},"end":{"line":54,"column":17}},{"start":{"line":54,"column":21},"end":{"line":54,"column":26}}]},"11":{"line":71,"type":"if","locations":[{"start":{"line":71,"column":8},"end":{"line":71,"column":8}},{"start":{"line":71,"column":8},"end":{"line":71,"column":8}}]}},"code":["require(\"jsdom\").defaultDocumentFeatures = {","    FetchExternalResources: false,","    ProcessExternalResources: false","};","","var jsdom        = require(\"jsdom\").jsdom;","var compare      = require('dom-compare-temp').compare;","var debug        = require('debug')('bs-html-injector');","","/**"," * Compare two DOMS & return diffs"," * @param {Object} newDom"," * @param {Object} oldDom"," * @param opts"," * @returns {Object}"," */","function compareDoms(oldDom, newDom, opts) {","","    opts = opts || {};","    opts.restrictions = opts.restrictions || [];","","    var diffs = [];","","    if (!oldDom || !newDom) {","        return diffs;","    }","","    if (opts.restrictions.length) {","        opts.restrictions.forEach(function (restriction) {","            getResults(restriction);","        });","    } else {","        getResults(\"html\");","    }","","    function getResults (restriction) {","        var dom1, dom2, node;","","        if (restriction !== \"html\") {","            var match1 = oldDom.querySelectorAll(restriction);","            var match2 = newDom.querySelectorAll(restriction);","            if (match1.length && match2.length) {","","                dom1 = createDom(match1[0].innerHTML);","                dom2 = createDom(match2[0].innerHTML);","            } else {","                debug(\"Selector %s not found\", restriction);","            }","        } else {","            dom1 = oldDom;","            dom2 = newDom;","        }","","    
[...]
"1620":0,"1624":0,"1627":0,"1628":0,"1629":0,"1633":0,"1634":0,"1635":0,"1638":0,"1639":0,"1640":0,"1642":0,"1646":0,"1650":0,"1661":1,"1662":6,"1663":0,"1665":6,"1666":6,"1676":1,"1679":0,"1680":0,"1682":0,"1683":0,"1685":0,"1686":0,"1690":0,"1701":1,"1702":0,"1712":1,"1713":0,"1714":0,"1715":0,"1717":0,"1718":0,"1730":1,"1731":0,"1732":0,"1734":0,"1735":0,"1736":0,"1749":1,"1750":1,"1751":0,"1762":1,"1763":0,"1764":0,"1776":1,"1778":0,"1779":0,"1781":0,"1782":0,"1784":0,"1785":0,"1797":1,"1798":0,"1805":0,"1806":0,"1807":0,"1809":0,"1810":0,"1811":0,"1812":0,"1814":0,"1815":0,"1816":0,"1819":0,"1821":0,"1822":0,"1823":0,"1826":0,"1827":0,"1828":0,"1829":0,"1830":0,"1831":0,"1834":0,"1835":0,"1837":0,"1839":0,"1840":0,"1841":0,"1843":0,"1846":0,"1856":1,"1857":0,"1868":1,"1869":0,"1870":0,"1872":0,"1873":0,"1874":0,"1884":1,"1885":0,"1886":0,"1887":0,"1898":1,"1899":0,"1900":0,"1912":1,"1913":0,"1914":0,"1924":1,"1925":0,"1926":0,"1927":0,"1939":1,"1940":0,"1941":0,"1951":1,"1952":0,"1963":1,"1964":0,"1965":0,"1976":1,"1977":0,"1980":0,"1981":0,"1982":0,"1984":0,"1997":1,"1998":0,"2000":0,"2003":0,"2004":0,"2006":0,"2010":0,"2012":0,"2023":1,"2024":0,"2034":1,"2035":1,"2036":0,"2041":0,"2045":0,"2046":0,"2047":0,"2049":0,"2050":0,"2051":0,"2052":0,"2053":0,"2056":0,"2068":1,"2069":1,"2070":0,"2071":0,"2073":0,"2074":0,"2076":0,"2080":0,"2081":0,"2082":0,"2085":0,"2096":1,"2097":1,"2098":0,"2103":0,"2104":0,"2105":0,"2106":0,"2109":0,"2120":1,"2121":0,"2138":1,"2139":0,"2143":0,"2144":0,"2147":0,"2148":0,"2149":0,"2151":0,"2155":0,"2158":0,"2159":0,"2162":0,"2163":0,"2167":0,"2168":0,"2169":0,"2171":0,"2172":0,"2175":0,"2176":0,"2177":0,"2179":0,"2182":0,"2183":0,"2185":0,"2189":0,"2190":0,"2193":0,"2194":0,"2215":1,"2216":0,"2218":0,"2220":0,"2222":0,"2223":0,"2226":0,"2228":0,"2230":0,"2237":0,"2240":0,"2244":0,"2251":0,"2254":0,"2257":0,"2258":0,"2260":0,"2261":0,"2264":0,"2265":0,"2266":0,"2268":0,"2269":0,"2272":0,"2275":0,"2276":0,"2279":0,"2296":1,"2297":0,"2303":0,"2304":0,"2306":0,"2307":0,"2308":0,"2309":0,"2310":0,"2314":0,"2315":0,"2316":0,"2318":0,"2319":0,"2321":0,"2322":0,"2323":0,"2324":0,"2327":0,"2328":0,"2333":0,"2337":0,"2338":0,"2340":0,"2342":0,"2343":0,"2347":0,"2351":0,"2354":0,"2355":0,"2365":1,"2366":0,"2380":1,"2381":0,"2382":0,"2383":0,"2397":1,"2407":1,"2408":0,"2409":0,"2421":1,"2422":0,"2425":0,"2426":0,"2429":0,"2431":0,"2442":1,"2443":6,"2444":6,"2454":1,"2455":0,"2465":1,"2468":0,"2472":1,"2473":0,"2483":1,"2484":5,"2489":1,"2494":0,"2495":0,"2499":0,"2500":0,"2501":0,"2502":0,"2503":0,"2504":0,"2505":0,"2508":0,"2521":1,"2522":0,"2524":0,"2528":0,"2529":0,"2530":0,"2531":0,"2533":0,"2535":0,"2536":0,"2538":0,"2539":0,"2550":1,"2551":0,"2555":0,"2556":0,"2557":0,"2559":0,"2569":1,"2570":0,"2588":1,"2589":0,"2590":0,"2592":0,"2596":0,"2599":0,"2604":0,"2607":0,"2611":0,"2614":0,"2617":0,"2620":0,"2632":1,"2633":0,"2634":0,"2636":0,"2638":0,"2649":1,"2650":0,"2651":0,"2666":1,"2667":0,"2668":0,"2670":0,"2671":0,"2675":0,"2677":0,"2688":1,"2689":0,"2690":0,"2692":0,"2693":0,"2695":0,"2697":0,"2708":1,"2709":0,"2710":0,"2722":1,"2723":6,"2733":1,"2734":0,"2737":0,"2748":1,"2749":0,"2761":1,"2762":0,"2763":0,"2764":0,"2766":0,"2778":1,"2779":0,"2780":0,"2781":0,"2783":0,"2793":1,"2794":0,"2795":0,"2797":0,"2798":0,"2808":1,"2809":11,"2810":11,"2811":11,"2813":0,"2814":0,"2817":0,"2839":1,"2840":0,"2867":1,"2868":0,"2891":1,"2892":0,"2935":1,"2936":0,"2937":0,"2970":1,"2971":0,"2972":0,"2974":0,"2975":0,"2976":0,"2978":0,"3029":1,"3030":1,"3031":0,"3033":1,"3034":0,"3038":0,"3039":0,"3041":0,"3042":0,"3043":0,"3045":1,"3046":1,"3050":1,"3077":1,"3078":2,"3079":0,"3081":2,"3082":2,"3083":0,"3088":0,"3089":0,"3091":0,"3092":0,"3093":0,"3094":0,"3096":0,"3097":0,"3098":0,"3099":0,"3101":0,"3102":0,"3140":1,"3141":0,"3162":1,"3164":0,"3193":1,"3220":1,"3221":0,"3249":1,"3250":0,"3270":1,"3271":0,"3292":1,"3296":6,"3297":6,"3327":1,"3328":0,"3357":1,"3358":12,"3359":12,"3386":1,"3387":0,"3408":1,"3409":0,"3431":1,"3432":0,"3454":1,"3455":0,"3476":1,"3477":0,"3503":1,"3504":0,"3505":0,"3507":0,"3508":0,"3509":0,"3510":0,"3512":0,"3541":1,"3542":0,"3545":0,"3571":1,"3572":0,"3573":0,"3575":0,"3576":0,"3578":0,"3579":0,"3580":0,"3582":0,"3583":0,"3585":0,"3586":0,"3587":0,"3613":1,"3614":0,"3651":1,"3652":0,"3653":0,"3654":0,"3656":0,"3657":0,"3658":0,"3688":1,"3689":0,"3690":0,"3719":1,"3720":0,"3751":1,"3752":0,"3753":0,"3754":0,"3756":0,"3761":0,"3762":0,"3765":0,"3768":0,"3797":1,"3798":0,"3819":1,"3820":0,"3865":1,"3866":0,"3881":1,"3907":1,"3908":0,"3929":1,"3930":0,"3946":1,"3947":0,"3953":1,"3954":1,"3955":1,"3956":1,"3957":1,"3958":1,"3959":1,"3960":1,"3961":1,"3962":1,"3963":1,"3968":1,"3969":1,"3970":1,"3971":1,"3972":1,"3973":1,"3974":1,"3975":1,"3976":1,"3977":1,"3978":1,"3979":1,"3980":1,"3981":1,"3982":1,"3983":1,"3984":1,"3985":1,"3986":1,"3987":1,"3988":1,"3989":1,"3990":1,"3991":1,"3992":1,"4003":1,"4007":1,"4009":1,"4011":1}},"/home/travis/build/npmtest/node-npmtest-bs-html-injector/node_modules/bs-html-injector/lib/utils.js":{"path":"/home/travis/build/npmtest/node-npmtest-bs-html-injector/node_modules/bs-html-injector/lib/utils.js","s":{"1":1,"2":1,"3":0,"4":0,"5":0,"6":1,"7":0,"8":0,"9":0,"10":0,"11":0,"12":0,"13":0,"14":0,"15":0,"16":0},"b":{"1":[0,0],"2":[0,0]},"f":{"1":0,"2":0,"3":0,"4":0,"5":0,"6":0},"fnMap":{"1":{"name":"(anonymous_1)","line":8,"loc":{"start":{"line":8,"column":17},"end":{"line":8,"column":39}}},"2":{"name":"(anonymous_2)","line":17,"loc":{"start":{"line":17,"column":20},"end":{"line":17,"column":50}}},"3":{"name":"(anonymous_3)","line":18,"loc":{"start":{"line":18,"column":31},"end":{"line":18,"column":47}}},"4":{"name":"removeChildren","line":29,"loc":{"start":{"line":29,"column":0},"end":{"line":29,"column":37}}},"5":{"name":"(anonymous_5)","line":35,"loc":{"start":{"line":35,"column":24},"end":{"line":35,"column":47}}},"6":{"name":"(anonymous_6)","line":43,"loc":{"start":{"line":43,"column":24},"end":{"line":43,"column":46}}}},"statementMap":{"1":{"start":{"line":1,"column":0},"end":{"line":1,"column":36}},"2":{"start":{"line":3,"column":0},"end":{"line":22,"column":2}},"3":{"start":{"line":9,"column":8},"end":{"line":9,"column":45}},"4":{"start":{"line":18,"column":8},"end":{"line":20,"column":11}},"5":{"start":{"line":19,"column":12},"end":{"line":19,"column":58}},"6":{"start":{"line":29,"column":0},"end":{"line":51,"column":1}},"7":{"start":{"line":31,"column":4},"end":{"line":31,"column":26}},"8":{"start":{"line":33,"column":4},"end":{"line":33,"column":21}},"9":{"start":{"line":35,"column":4},"end":{"line":48,"column":7}},"10":{"start":{"line":37,"column":8},"end":{"line":37,"column":29}},"11":{"start":{"line":39,"column":8},"end":{"line":41,"column":9}},"12":{"start":{"line":40,"column":12},"end":{"line":40,"column":38}},"13":{"start":{"line":43,"column":8},"end":{"line":47,"column":11}},"14":{"start":{"line":44,"column":12},"end":{"line":46,"column":13}},"15":{"start":{"line":45,"column":16},"end":{"line":45,"column":42}},"16":{"start":{"line":50,"column":4},"end":{"line":50,"column":19}}},"branchMap":{"1":{"line":39,"type":"if","locations":[{"start":{"line":39,"column":8},"end":{"line":39,"column":8}},{"start":{"line":39,"column":8},"end":{"line":39,"column":8}}]},"2":{"line":44,"type":"if","locations":[{"start":{"line":44,"column":12},"end":{"line":44,"column":12}},{"start":{"line":44,"column":12},"end":{"line":44,"column":12}}]}},"code":["var _ = require(\"../lodash.custom\");","","module.exports = {","    /**","     * @param {Array} differences","     * @returns {Array}","     */","    removeDupes: function(differences) {","        return _.uniqBy(differences, \"node\");","    },","","    /**","     * @param diffs","     * @param excludeList","     * @returns {*}","     */","    removeExcluded: function (diffs, excludeList) {","        return _.filter(diffs, function (item) {","            return !_.includes(excludeList, item.tagName);","        });","    }","};","","/**"," * Not currently used... needs work."," * @param {Array} differences"," * @returns {Array}"," */","function removeChildren(differences) {","","    differences.reverse();","","    var parents = [];","","    differences.forEach(function (item, index) {","","        var path = item.node;","","        if (index === 0) {","            return parents.push(item);","        }","","        parents.forEach(function (parentItem) {","            if (!_.includes(path, parentItem.node)) {","                return parents.push(item);","            }","        });","    });","","    return parents;","}",""],"l":{"1":1,"3":1,"9":0,"18":0,"19":0,"29":1,"31":0,"33":0,"35":0,"37":0,"39":0,"40":0,"43":0,"44":0,"45":0,"50":0}},"/home/travis/build/npmtest/node-npmtest-bs-html-injector/node_modules/bs-html-injector/lib/config.js":{"path":"/home/travis/build/npmtest/node-npmtest-bs-html-injector/node_modules/bs-html-injector/lib/config.js","s":{"1":1},"b":{},"f":{},"fnMap":{},"statementMap":{"1":{"start":{"line":1,"column":0},"end":{"line":5,"column":1}}},"branchMap":{},"code":["module.exports = {","    PLUGIN_NAME:  \"HTML Injector\",","    PLUGIN_EVENT: \"plugin:html:inject\",","    CLIENT_EVENT: \"html:inject\"","}"],"l":{"1":1}},"/home/travis/build/npmtest/node-npmtest-bs-html-injector/node_modules/bs-html-injector/client.js":{"path":"/home/travis/build/npmtest/node-npmtest-bs-html-injector/node_modules/bs-html-injector/client.js","s":{"1":2,"2":0,"3":0,"4":0,"5":0,"6":0,"7":0,"8":0,"9":0,"10":0,"11":0,"12":0,"13":0,"14":0,"15":0,"16":0,"17":0,"18":0,"19":0,"20":0,"21":0,"22":0,"23":0,"24":1,"25":0,"26":0,"27":0,"28":0,"29":0,"30":0,"31":1,"32":0,"33":1,"34":0,"35":1,"36":0,"37":0,"38":0,"39":0,"40":0,"41":0,"42":0,"43":0,"44":0,"45":0,"46":0,"47":0,"48":0,"49":1,"50":0},"b":{"1":[0,0],"2":[0,0],"3":[0,0],"4":[0,0],"5":[0,0],"6":[0,0],"7":[0,0],"8":[0,0],"9":[0,0],"10":[0,0],"11":[0,0],"12":[0,0],"13":[0,0]},"f":{"1":0,"2":0,"3":0,"4":0,"5":0,"6":0,"7":0,"8":0},"fnMap":{"1":{"name":"(anonymous_1)","line":2,"loc":{"start":{"line":2,"column":2},"end":{"line":2,"column":24}}},"2":{"name":"(anonymous_2)","line":6,"loc":{"start":{"line":6,"column":28},"end":{"line":6,"column":40}}},"3":{"name":"(anonymous_3)","line":13,"loc":{"start":{"line":13,"column":29},"end":{"line":13,"column":45}}},"4":{"name":"updateElement","line":47,"loc":{"start":{"line":47,"column":8},"end":{"line":47,"column":37}}},"5":{"name":"updateElemHtml","line":65,"loc":{"start":{"line":65,"column":4},"end":{"line":65,"column":41}}},"6":{"name":"updateText","line":69,"loc":{"start":{"line":69,"column":4},"end":{"line":69,"column":37}}},"7":{"name":"updateAttrs","line":73,"loc":{"start":{"line":73,"column":4},"end":{"line":73,"column":38}}},"8":{"name":"getUrl","line":105,"loc":{"start":{"line":105,"column":4},"end":{"line":105,"column":23}}}},"statementMap":{"1":{"start":{"line":2,"column":1},"end":{"line":109,"column":37}},"2":{"start":{"line":4,"column":4},"end":{"line":4,"column":27}},"3":{"start":{"line":6,"column":4},"end":{"line":11,"column":7}},"4":{"start":{"line":8,"column":8},"end":{"line":10,"column":11}},"5":{"start":{"line":13,"column":4},"end":{"line":63,"column":7}},"6":{"start":{"line":15,"column":8},"end":{"line":15,"column":25}},"7":{"start":{"line":17,"column":8},"end":{"line":19,"column":9}},"8":{"start":{"line":18,"column":12},"end":{"line":18,"column":19}},"9":{"start":{"line":21,"column":8},"end":{"line":45,"column":9}},"10":{"start":{"line":22,"column":12},"end":{"line":22,"column":68}},"11":{"start":{"line":23,"column":12},"end":{"line":23,"column":37}},"12":{"start":{"line":24,"column":12},"end":{"line":24,"column":32}},"13":{"start":{"line":26,"column":12},"end":{"line":44,"column":13}},"14":{"start":{"line":27,"column":16},"end":{"line":27,"column":77}},"15":{"start":{"line":28,"column":16},"end":{"line":34,"column":17}},"16":{"start":{"line":29,"column":20},"end":{"line":33,"column":21}},"17":{"start":{"line":30,"column":24},"end":{"line":30,"column":46}},"18":{"start":{"line":32,"column":24},"end":{"line":32,"column":93}},"19":{"start":{"line":36,"column":16},"end":{"line":36,"column":70}},"20":{"start":{"line":37,"column":16},"end":{"line":43,"column":17}},"21":{"start":{"line":38,"column":20},"end":{"line":42,"column":21}},"22":{"start":{"line":39,"column":24},"end":{"line":39,"column":49}},"23":{"start":{"line":41,"column":24},"end":{"line":41,"column":96}},"24":{"start":{"line":47,"column":8},"end":{"line":62,"column":9}},"25":{"start":{"line":49,"column":12},"end":{"line":61,"column":13}},"26":{"start":{"line":51,"column":16},"end":{"line":60,"column":17}},"27":{"start":{"line":54,"column":24},"end":{"line":54,"column":48}},"28":{"start":{"line":55,"column":24},"end":{"line":55,"column":30}},"29":{"start":{"line":57,"column":24},"end":{"line":57,"column":56}},"30":{"start":{"line":58,"column":24},"end":{"line":58,"column":30}},"31":{"start":{"line":65,"column":4},"end":{"line":67,"column":5}},"32":{"start":{"line":66,"column":8},"end":{"line":66,"column":34}},"33":{"start":{"line":69,"column":4},"end":{"line":71,"column":5}},"34":{"start":{"line":70,"column":8},"end":{"line":70,"column":30}},"35":{"start":{"line":73,"column":4},"end":{"line":103,"column":5}},"36":{"start":{"line":75,"column":8},"end":{"line":75,"column":39}},"37":{"start":{"line":76,"column":8},"end":{"line":76,"column":17}},"38":{"start":{"line":77,"column":8},"end":{"line":77,"column":18}},"39":{"start":{"line":80,"column":8},"end":{"line":85,"column":9}},"40":{"start":{"line":81,"column":12},"end":{"line":81,"column":44}},"41":{"start":{"line":82,"column":12},"end":{"line":84,"column":13}},"42":{"start":{"line":83,"column":16},"end":{"line":83,"column":43}},"43":{"start":{"line":90,"column":8},"end":{"line":102,"column":9}},"44":{"start":{"line":92,"column":12},"end":{"line":97,"column":13}},"45":{"start":{"line":94,"column":16},"end":{"line":96,"column":17}},"46":{"start":{"line":95,"column":20},"end":{"line":95,"column":60}},"47":{"start":{"line":99,"column":12},"end":{"line":101,"column":13}},"48":{"start":{"line":100,"column":16},"end":{"line":100,"column":56}},"49":{"start":{"line":105,"column":4},"end":{"line":107,"column":5}},"50":{"start":{"line":106,"column":8},"end":{"line":106,"column":101}}},"branchMap":{"1":{"line":17,"type":"if","locations":[{"start":{"line":17,"column":8},"end":{"line":17,"column":8}},{"start":{"line":17,"column":8},"end":{"line":17,"column":8}}]},"2":{"line":21,"type":"if","locations":[{"start":{"line":21,"column":8},"end":{"line":21,"column":8}},{"start":{"line":21,"column":8},"end":{"line":21,"column":8}}]},"3":{"line":26,"type":"if","locations":[{"start":{"line":26,"column":12},"end":{"line":26,"column":12}},{"start":{"line":26,"column":12},"end":{"line":26,"column":12}}]},"4":{"line":28,"type":"if","locations":[{"start":{"line":28,"column":16},"end":{"line":28,"column":16}},{"start":{"line":28,"column":16},"end":{"line":28,"column":16}}]},"5":{"line":29,"type":"if","locations":[{"start":{"line":29,"column":20},"end":{"line":29,"column":20}},{"start":{"line":29,"column":20},"end":{"line":29,"column":20}}]},"6":{"line":37,"type":"if","locations":[{"start":{"line":37,"column":16},"end":{"line":37,"column":16}},{"start":{"line":37,"column":16},"end":{"line":37,"column":16}}]},"7":{"line":38,"type":"if","locations":[{"start":{"line":38,"column":20},"end":{"line":38,"column":20}},{"start":{"line":38,"column":20},"end":{"line":38,"column":20}}]},"8":{"line":49,"type":"if","locations":[{"start":{"line":49,"column":12},"end":{"line":49,"column":12}},{"start":{"line":49,"column":12},"end":{"line":49,"column":12}}]},"9":{"line":51,"type":"switch","locations":[{"start":{"line":53,"column":20},"end":{"line":55,"column":30}},{"start":{"line":56,"column":20},"end":{"line":58,"column":30}}]},"10":{"line":82,"type":"if","locations":[{"start":{"line":82,"column":12},"end":{"line":82,"column":12}},{"start":{"line":82,"column":12},"end":{"line":82,"column":12}}]},"11":{"line":92,"type":"if","locations":[{"start":{"line":92,"column":12},"end":{"line":92,"column":12}},{"start":{"line":92,"column":12},"end":{"line":92,"column":12}}]},"12":{"line":94,"type":"if","locations":[{"start":{"line":94,"column":16},"end":{"line":94,"column":16}},{"start":{"line":94,"column":16},"end":{"line":94,"column":16}}]},"13":{"line":99,"type":"if","locations":[{"start":{"line":99,"column":12},"end":{"line":99,"column":12}},{"start":{"line":99,"column":12},"end":{"line":99,"column":12}}]}},"code":["",";(function (window, bs) {","","    var socket = bs.socket;","","    socket.on(\"connection\", function () {","","        socket.emit(\"client:url\", {","            url: getUrl()","        });","    });","","    socket.on(\"html:inject\", function (data) {","","        var elem, parent;","","        if (data.url !== getUrl()) {","            return;","        }","","        if (data.restrictions === \"html\") {","            var elems = document.getElementsByTagName(data.tagName);","            elem = elems[data.index];","            updateElement(elem);","        } else {","            if (data.restrictions.match(/^#/)) {","                parent = document.getElementById(data.restrictions.slice(1));","                if (parent) {","                    if (data.tagName === \"BODY\") {","                        updateElement(parent);","                    } else {","                        updateElement(parent.getElementsByTagName(data.tagName)[data.index]);","                    }","                }","            } else {","                parent = document.querySelectorAll(data.restrictions);","                if (parent.length) {","                    if (data.tagName === \"BODY\") {","                        updateElement(parent[0]);","                    } else {","                        updateElement(parent[0].getElementsByTagName(data.tagName)[data.index]);","                    }","                }","            }","        }","","        function updateElement(elem) {","","            if (elem) {","","                switch (data.diff.type) {","","                    case \"attribute\":","                        updateAttrs(elem, data);","                        break;","                    default:","                        updateElemHtml(elem, data.html);","                        break;","","                }","            }","        }","    });","","    function updateElemHtml (elem, html) {","        elem.innerHTML     = html;","    }","","    function updateText (elem, text) {","        elem.innerText = text;","    }","","    function updateAttrs (elem, data) {","","        var oldAttrs = elem.attributes;","        var name;","        var index;","","        // Remove any ol attrs that don't exist on new element","        for (index = oldAttrs.length - 1; index >= 0; --index) {","            name = oldAttrs[index].nodeName;","            if (!data.attrs[name]) {","                elem.removeAttribute(name);","            }","        }","","        /**","         * Compare","         */","        for (var key in data.attrs) {","","            if (oldAttrs[key]) { // existing attr","","                if (oldAttrs[key] !== data.attrs[key]) {","                    elem.setAttribute(key, data.attrs[key]);","                }","            }","","            if (!oldAttrs[key])  {","                elem.setAttribute(key, data.attrs[key]);","            }","        }","    }","","    function getUrl () {","        return [location.protocol, \"//\", location.host, location.pathname, location.search].join(\"\");","    }","","})(window, window.___browserSync___);",""],"l":{"2":2,"4":0,"6":0,"8":0,"13":0,"15":0,"17":0,"18":0,"21":0,"22":0,"23":0,"24":0,"26":0,"27":0,"28":0,"29":0,"30":0,"32":0,"36":0,"37":0,"38":0,"39":0,"41":0,"47":1,"49":0,"51":0,"54":0,"55":0,"57":0,"58":0,"65":1,"66":0,"69":1,"70":0,"73":1,"75":0,"76":0,"77":0,"80":0,"81":0,"82":0,"83":0,"90":0,"92":0,"94":0,"95":0,"99":0,"100":0,"105":1,"106":0}}}